2025-03-02 17:53:11,613 - INFO - 
Processing categorization_stats.json
2025-03-02 17:53:11,627 - WARNING - Unexpected data format in data\categorization_stats.json
2025-03-02 17:53:11,627 - INFO - 
Processing categorized_events.json
2025-03-02 17:53:11,632 - INFO - Saved 0 categorized events to data\categorized_events.json
2025-03-02 17:53:11,633 - INFO - 
=== Categorization Summary ===
2025-03-02 17:53:11,633 - INFO - Total Events Processed: 0
2025-03-02 17:53:11,633 - INFO - Total Sources: 2
2025-03-02 17:53:11,634 - INFO - Total Categories Used: 0
2025-03-02 17:53:11,634 - INFO - 
=== Top Categories ===
2025-03-02 17:53:11,635 - INFO - 
=== Source Statistics ===
2025-03-02 17:53:11,635 - INFO - 
categorization_stats:
2025-03-02 17:53:11,635 - INFO -   Total Events: 0
2025-03-02 17:54:40,846 - INFO - 
Processing categorization_stats.json
2025-03-02 17:54:40,848 - WARNING - Unexpected data format in data\categorization_stats.json
2025-03-02 17:54:40,849 - INFO - 
Processing categorized_events.json
2025-03-02 17:54:40,853 - INFO - Saved 0 categorized events to data\categorized_events.json
2025-03-02 17:54:40,854 - INFO - 
=== Categorization Summary ===
2025-03-02 17:54:40,854 - INFO - Total Events Processed: 0
2025-03-02 17:54:40,854 - INFO - Total Sources: 2
2025-03-02 17:54:40,854 - INFO - Total Categories Used: 0
2025-03-02 17:54:40,854 - INFO - 
=== Top Categories ===
2025-03-02 17:54:40,854 - INFO - 
=== Source Statistics ===
2025-03-02 17:54:40,855 - INFO - 
categorization_stats:
2025-03-02 17:54:40,855 - INFO -   Total Events: 0
2025-03-02 17:57:40,545 - INFO - Loaded 23 communities and 9 locations
2025-03-02 17:57:41,411 - INFO - 
Processing categorization_stats.json
2025-03-02 17:57:41,414 - WARNING - Unexpected data format in data\categorization_stats.json
2025-03-02 17:57:41,415 - INFO - 
Processing categorized_events.json
2025-03-02 17:57:41,419 - INFO - Saved 0 categorized events to data\categorized_events.json
2025-03-02 17:57:41,420 - INFO - 
=== Categorization Summary ===
2025-03-02 17:57:41,420 - INFO - Total Events Processed: 0
2025-03-02 17:57:41,420 - INFO - Total Sources: 2
2025-03-02 17:57:41,421 - INFO - Total Categories Used: 0
2025-03-02 17:57:41,421 - INFO - 
=== Top Categories ===
2025-03-02 17:57:41,421 - INFO - 
=== Source Statistics ===
2025-03-02 17:57:41,422 - INFO - 
categorization_stats:
2025-03-02 17:57:41,422 - INFO -   Total Events: 0
2025-03-02 17:58:17,099 - WARNING - Could not load auxiliary data: [Errno 2] No such file or directory: '../data/communities.json'
2025-03-02 17:58:17,839 - INFO - 
Processing gary_events.json
2025-03-02 17:58:17,841 - INFO - 
Processing google_calendar_events.json
2025-03-02 17:58:17,873 - INFO - 
Processing ics_calendar_events.json
2025-03-02 17:58:17,887 - INFO - 
Processing interference_events.json
2025-03-02 17:58:17,899 - INFO - 
Processing pioneer_works_events.json
2025-03-02 17:58:41,397 - WARNING - Could not load auxiliary data: [Errno 2] No such file or directory: '../../public/data/communities.json'
2025-03-02 17:58:42,181 - INFO - 
Processing gary_events.json
2025-03-02 17:58:42,182 - INFO - 
Processing google_calendar_events.json
2025-03-02 17:58:42,191 - INFO - 
Processing ics_calendar_events.json
2025-03-02 17:58:42,192 - INFO - 
Processing interference_events.json
2025-03-02 17:58:42,194 - INFO - 
Processing pioneer_works_events.json
2025-03-02 17:59:03,290 - INFO - 
Processing gary_events.json
2025-03-02 17:59:03,292 - INFO - 
Processing google_calendar_events.json
2025-03-02 17:59:03,297 - INFO - 
Processing ics_calendar_events.json
2025-03-02 17:59:03,298 - INFO - 
Processing interference_events.json
2025-03-02 17:59:03,298 - INFO - 
Processing pioneer_works_events.json
2025-03-02 18:00:17,589 - INFO - Saved 419 categorized events to data/categorized_events.json
2025-03-02 18:00:17,591 - INFO - 
=== Categorization Summary ===
2025-03-02 18:00:17,591 - INFO - Total Events Processed: 419
2025-03-02 18:00:17,591 - INFO - Total Sources: 5
2025-03-02 18:00:17,591 - INFO - Total Categories Used: 8
2025-03-02 18:00:17,591 - INFO - 
=== Top Categories ===
2025-03-02 18:00:17,591 - INFO - 
Learning & Workshops (learning_workshops):
2025-03-02 18:00:17,594 - INFO -   Total Events: 352
2025-03-02 18:00:17,594 - INFO -   Average Confidence: 0.89
2025-03-02 18:00:17,594 - INFO -   Top Sources: {'pioneer_works_events': 352}
2025-03-02 18:00:17,594 - INFO -   Top Subcategories:
2025-03-02 18:00:17,594 - INFO -     - classes: 14
2025-03-02 18:00:17,594 - INFO -     - talks: 2
2025-03-02 18:00:17,594 - INFO -     - workshops: 2
2025-03-02 18:00:17,594 - INFO - 
Community & Neighborhood (community_neighborhood):
2025-03-02 18:00:17,594 - INFO -   Total Events: 247
2025-03-02 18:00:17,596 - INFO -   Average Confidence: 0.90
2025-03-02 18:00:17,596 - INFO -   Top Sources: {'pioneer_works_events': 247}
2025-03-02 18:00:17,596 - INFO -   Top Subcategories:
2025-03-02 18:00:17,596 - INFO -     - volunteer: 1
2025-03-02 18:00:17,596 - INFO - 
Family & Youth (family_youth):
2025-03-02 18:00:17,596 - INFO -   Total Events: 240
2025-03-02 18:00:17,596 - INFO -   Average Confidence: 0.82
2025-03-02 18:00:17,596 - INFO -   Top Sources: {'pioneer_works_events': 240}
2025-03-02 18:00:17,596 - INFO - 
Food & Drink (food_drink):
2025-03-02 18:00:17,596 - INFO -   Total Events: 124
2025-03-02 18:00:17,598 - INFO -   Average Confidence: 0.81
2025-03-02 18:00:17,598 - INFO -   Top Sources: {'pioneer_works_events': 124}
2025-03-02 18:00:17,598 - INFO - 
Arts & Culture (arts_culture):
2025-03-02 18:00:17,598 - INFO -   Total Events: 82
2025-03-02 18:00:17,599 - INFO -   Average Confidence: 0.84
2025-03-02 18:00:17,599 - INFO -   Top Sources: {'pioneer_works_events': 82}
2025-03-02 18:00:17,599 - INFO -   Top Subcategories:
2025-03-02 18:00:17,599 - INFO -     - music: 17
2025-03-02 18:00:17,599 - INFO -     - film: 1
2025-03-02 18:00:17,599 - INFO -     - theater: 1
2025-03-02 18:00:17,599 - INFO -     - dance: 1
2025-03-02 18:00:17,601 - INFO - 
Nightlife & Social (nightlife_social):
2025-03-02 18:00:17,601 - INFO -   Total Events: 68
2025-03-02 18:00:17,601 - INFO -   Average Confidence: 0.83
2025-03-02 18:00:17,601 - INFO -   Top Sources: {'pioneer_works_events': 68}
2025-03-02 18:00:17,601 - INFO - 
Parks & Outdoors (parks_outdoors):
2025-03-02 18:00:17,601 - INFO -   Total Events: 52
2025-03-02 18:00:17,601 - INFO -   Average Confidence: 0.80
2025-03-02 18:00:17,601 - INFO -   Top Sources: {'pioneer_works_events': 52}
2025-03-02 18:00:17,602 - INFO - 
Wellness & Fitness (wellness_fitness):
2025-03-02 18:00:17,602 - INFO -   Total Events: 26
2025-03-02 18:00:17,602 - INFO -   Average Confidence: 0.77
2025-03-02 18:00:17,602 - INFO -   Top Sources: {'pioneer_works_events': 26}
2025-03-02 18:00:17,602 - INFO -   Top Subcategories:
2025-03-02 18:00:17,602 - INFO -     - yoga: 5
2025-03-02 18:00:17,602 - INFO -     - mental_health: 1
2025-03-02 18:00:17,604 - INFO - 
=== Source Statistics ===
2025-03-02 18:00:17,604 - INFO - 
google_calendar_events:
2025-03-02 18:00:17,604 - INFO -   Total Events: 305
2025-03-02 18:00:17,604 - INFO -   Categorized Events: 0 (0.0%)
2025-03-02 18:00:17,604 - INFO - 
gary_events:
2025-03-02 18:00:17,604 - INFO -   Total Events: 48
2025-03-02 18:00:17,604 - INFO -   Categorized Events: 0 (0.0%)
2025-03-02 18:00:17,604 - INFO - 
ics_calendar_events:
2025-03-02 18:00:17,606 - INFO -   Total Events: 42
2025-03-02 18:00:17,606 - INFO -   Categorized Events: 0 (0.0%)
2025-03-02 18:00:17,606 - INFO - 
pioneer_works_events:
2025-03-02 18:00:17,606 - INFO -   Total Events: 16
2025-03-02 18:00:17,606 - INFO -   Categorized Events: 419 (2618.8%)
2025-03-02 18:00:17,606 - INFO -   Top Categories:
2025-03-02 18:00:17,606 - INFO -     - Learning & Workshops: 352
2025-03-02 18:00:17,606 - INFO -     - Community & Neighborhood: 247
2025-03-02 18:00:17,606 - INFO -     - Family & Youth: 240
2025-03-02 18:00:17,606 - INFO - 
interference_events:
2025-03-02 18:00:17,608 - INFO -   Total Events: 8
2025-03-02 18:00:17,608 - INFO -   Categorized Events: 0 (0.0%)
2025-03-02 18:05:00,412 - INFO - 
Processing gary_events.json
2025-03-02 18:05:00,414 - INFO - 
Processing google_calendar_events.json
2025-03-02 18:05:00,419 - INFO - 
Processing ics_calendar_events.json
2025-03-02 18:05:00,421 - INFO - 
Processing interference_events.json
2025-03-02 18:05:00,422 - INFO - 
Processing pioneer_works_events.json
2025-03-02 18:06:19,100 - INFO - Saved 419 categorized events to data/categorized_events.json
2025-03-02 18:06:19,101 - INFO - 
=== Categorization Summary ===
2025-03-02 18:06:19,102 - INFO - Total Events Processed: 419
2025-03-02 18:06:19,102 - INFO - Total Sources: 5
2025-03-02 18:06:19,102 - INFO - Total Categories Used: 8
2025-03-02 18:06:19,102 - INFO - 
=== Top Categories ===
2025-03-02 18:06:19,103 - INFO - 
Networking & Social (networking_social):
2025-03-02 18:06:19,103 - INFO -   Total Events: 343
2025-03-02 18:06:19,103 - INFO -   Average Confidence: 0.85
2025-03-02 18:06:19,104 - INFO -   Top Sources: {'pioneer_works_events': 343}
2025-03-02 18:06:19,104 - INFO - 
Workshops & Training (workshops_training):
2025-03-02 18:06:19,104 - INFO -   Total Events: 199
2025-03-02 18:06:19,104 - INFO -   Average Confidence: 0.83
2025-03-02 18:06:19,105 - INFO -   Top Sources: {'pioneer_works_events': 199}
2025-03-02 18:06:19,105 - INFO - 
Hackathons & Competitions (hackathons_competitions):
2025-03-02 18:06:19,105 - INFO -   Total Events: 198
2025-03-02 18:06:19,105 - INFO -   Average Confidence: 0.79
2025-03-02 18:06:19,105 - INFO -   Top Sources: {'pioneer_works_events': 198}
2025-03-02 18:06:19,106 - INFO - 
Tech Talks & Conferences (tech_talks):
2025-03-02 18:06:19,106 - INFO -   Total Events: 136
2025-03-02 18:06:19,106 - INFO -   Average Confidence: 0.76
2025-03-02 18:06:19,106 - INFO -   Top Sources: {'pioneer_works_events': 136}
2025-03-02 18:06:19,106 - INFO -   Top Subcategories:
2025-03-02 18:06:19,107 - INFO -     - meetups: 1
2025-03-02 18:06:19,107 - INFO -     - workshops: 1
2025-03-02 18:06:19,107 - INFO - 
Coworking & Workspace (coworking_workspace):
2025-03-02 18:06:19,107 - INFO -   Total Events: 103
2025-03-02 18:06:19,108 - INFO -   Average Confidence: 0.77
2025-03-02 18:06:19,108 - INFO -   Top Sources: {'pioneer_works_events': 103}
2025-03-02 18:06:19,108 - INFO - 
Startup & Entrepreneurship (startup_entrepreneurship):
2025-03-02 18:06:19,108 - INFO -   Total Events: 56
2025-03-02 18:06:19,108 - INFO -   Average Confidence: 0.83
2025-03-02 18:06:19,109 - INFO -   Top Sources: {'pioneer_works_events': 56}
2025-03-02 18:06:19,109 - INFO -   Top Subcategories:
2025-03-02 18:06:19,109 - INFO -     - startup_pitch: 1
2025-03-02 18:06:19,109 - INFO - 
Tech Innovation & Research (tech_innovation):
2025-03-02 18:06:19,109 - INFO -   Total Events: 23
2025-03-02 18:06:19,109 - INFO -   Average Confidence: 0.85
2025-03-02 18:06:19,110 - INFO -   Top Sources: {'pioneer_works_events': 23}
2025-03-02 18:06:19,110 - INFO - 
Special Interest Tech (special_interest):
2025-03-02 18:06:19,110 - INFO -   Total Events: 1
2025-03-02 18:06:19,110 - INFO -   Average Confidence: 0.77
2025-03-02 18:06:19,110 - INFO -   Top Sources: {'pioneer_works_events': 1}
2025-03-02 18:06:19,110 - INFO -   Top Subcategories:
2025-03-02 18:06:19,110 - INFO -     - cybersecurity: 1
2025-03-02 18:06:19,112 - INFO - 
=== Source Statistics ===
2025-03-02 18:06:19,112 - INFO - 
google_calendar_events:
2025-03-02 18:06:19,112 - INFO -   Total Events: 305
2025-03-02 18:06:19,112 - INFO -   Categorized Events: 0 (0.0%)
2025-03-02 18:06:19,112 - INFO - 
gary_events:
2025-03-02 18:06:19,112 - INFO -   Total Events: 48
2025-03-02 18:06:19,112 - INFO -   Categorized Events: 0 (0.0%)
2025-03-02 18:06:19,113 - INFO - 
ics_calendar_events:
2025-03-02 18:06:19,113 - INFO -   Total Events: 42
2025-03-02 18:06:19,113 - INFO -   Categorized Events: 0 (0.0%)
2025-03-02 18:06:19,113 - INFO - 
pioneer_works_events:
2025-03-02 18:06:19,113 - INFO -   Total Events: 16
2025-03-02 18:06:19,114 - INFO -   Categorized Events: 353 (2206.2%)
2025-03-02 18:06:19,114 - INFO -   Top Categories:
2025-03-02 18:06:19,114 - INFO -     - Networking & Social: 343
2025-03-02 18:06:19,114 - INFO -     - Workshops & Training: 199
2025-03-02 18:06:19,115 - INFO -     - Hackathons & Competitions: 198
2025-03-02 18:06:19,115 - INFO - 
interference_events:
2025-03-02 18:06:19,115 - INFO -   Total Events: 8
2025-03-02 18:06:19,115 - INFO -   Categorized Events: 0 (0.0%)
2025-03-02 18:30:35,674 - INFO - 
Processing gary_events.json
2025-03-02 18:30:35,676 - INFO - 
Processing google_calendar_events.json
2025-03-02 18:30:35,687 - INFO - 
Processing ics_calendar_events.json
2025-03-02 18:30:35,689 - INFO - 
Processing interference_events.json
2025-03-02 18:30:35,690 - INFO - 
Processing pioneer_works_events.json
2025-03-02 18:31:48,442 - INFO - Saved 419 categorized events to data/categorized_events.json
2025-03-02 18:31:48,444 - INFO - 
=== Categorization Summary ===
2025-03-02 18:31:48,444 - INFO - Total Events Processed: 419
2025-03-02 18:31:48,444 - INFO - Total Sources: 5
2025-03-02 18:31:48,444 - INFO - Total Categories Used: 8
2025-03-02 18:31:48,444 - INFO - 
=== Top Categories ===
2025-03-02 18:31:48,446 - INFO - 
Networking & Social (networking_social):
2025-03-02 18:31:48,446 - INFO -   Total Events: 343
2025-03-02 18:31:48,446 - INFO -   Average Confidence: 0.85
2025-03-02 18:31:48,446 - INFO -   Top Sources: {'pioneer_works_events': 343}
2025-03-02 18:31:48,446 - INFO - 
Workshops & Training (workshops_training):
2025-03-02 18:31:48,446 - INFO -   Total Events: 199
2025-03-02 18:31:48,447 - INFO -   Average Confidence: 0.83
2025-03-02 18:31:48,447 - INFO -   Top Sources: {'pioneer_works_events': 199}
2025-03-02 18:31:48,447 - INFO - 
Hackathons & Competitions (hackathons_competitions):
2025-03-02 18:31:48,447 - INFO -   Total Events: 198
2025-03-02 18:31:48,447 - INFO -   Average Confidence: 0.79
2025-03-02 18:31:48,448 - INFO -   Top Sources: {'pioneer_works_events': 198}
2025-03-02 18:31:48,448 - INFO - 
Tech Talks & Conferences (tech_talks):
2025-03-02 18:31:48,448 - INFO -   Total Events: 136
2025-03-02 18:31:48,448 - INFO -   Average Confidence: 0.76
2025-03-02 18:31:48,448 - INFO -   Top Sources: {'pioneer_works_events': 136}
2025-03-02 18:31:48,449 - INFO -   Top Subcategories:
2025-03-02 18:31:48,449 - INFO -     - meetups: 1
2025-03-02 18:31:48,449 - INFO -     - workshops: 1
2025-03-02 18:31:48,449 - INFO - 
Coworking & Workspace (coworking_workspace):
2025-03-02 18:31:48,449 - INFO -   Total Events: 103
2025-03-02 18:31:48,450 - INFO -   Average Confidence: 0.77
2025-03-02 18:31:48,450 - INFO -   Top Sources: {'pioneer_works_events': 103}
2025-03-02 18:31:48,450 - INFO - 
Startup & Entrepreneurship (startup_entrepreneurship):
2025-03-02 18:31:48,450 - INFO -   Total Events: 56
2025-03-02 18:31:48,450 - INFO -   Average Confidence: 0.83
2025-03-02 18:31:48,451 - INFO -   Top Sources: {'pioneer_works_events': 56}
2025-03-02 18:31:48,451 - INFO -   Top Subcategories:
2025-03-02 18:31:48,451 - INFO -     - startup_pitch: 1
2025-03-02 18:31:48,451 - INFO - 
Tech Innovation & Research (tech_innovation):
2025-03-02 18:31:48,451 - INFO -   Total Events: 23
2025-03-02 18:31:48,452 - INFO -   Average Confidence: 0.85
2025-03-02 18:31:48,452 - INFO -   Top Sources: {'pioneer_works_events': 23}
2025-03-02 18:31:48,452 - INFO - 
Special Interest Tech (special_interest):
2025-03-02 18:31:48,452 - INFO -   Total Events: 1
2025-03-02 18:31:48,452 - INFO -   Average Confidence: 0.77
2025-03-02 18:31:48,454 - INFO -   Top Sources: {'pioneer_works_events': 1}
2025-03-02 18:31:48,454 - INFO -   Top Subcategories:
2025-03-02 18:31:48,454 - INFO -     - cybersecurity: 1
2025-03-02 18:31:48,454 - INFO - 
=== Source Statistics ===
2025-03-02 18:31:48,455 - INFO - 
google_calendar_events:
2025-03-02 18:31:48,455 - INFO -   Total Events: 305
2025-03-02 18:31:48,455 - INFO -   Categorized Events: 0 (0.0%)
2025-03-02 18:31:48,455 - INFO - 
gary_events:
2025-03-02 18:31:48,455 - INFO -   Total Events: 48
2025-03-02 18:31:48,455 - INFO -   Categorized Events: 0 (0.0%)
2025-03-02 18:31:48,456 - INFO - 
ics_calendar_events:
2025-03-02 18:31:48,456 - INFO -   Total Events: 42
2025-03-02 18:31:48,456 - INFO -   Categorized Events: 0 (0.0%)
2025-03-02 18:31:48,456 - INFO - 
pioneer_works_events:
2025-03-02 18:31:48,456 - INFO -   Total Events: 16
2025-03-02 18:31:48,456 - INFO -   Categorized Events: 353 (2206.2%)
2025-03-02 18:31:48,457 - INFO -   Top Categories:
2025-03-02 18:31:48,457 - INFO -     - Networking & Social: 343
2025-03-02 18:31:48,457 - INFO -     - Workshops & Training: 199
2025-03-02 18:31:48,457 - INFO -     - Hackathons & Competitions: 198
2025-03-02 18:31:48,458 - INFO - 
interference_events:
2025-03-02 18:31:48,458 - INFO -   Total Events: 8
2025-03-02 18:31:48,458 - INFO -   Categorized Events: 0 (0.0%)
2025-03-03 10:41:39,382 - ERROR - Error running pioneer_works_scraper: No module named 'pioneer_works_scraper'
2025-03-03 10:41:39,383 - INFO - Collected 0 events from pioneer_works_scraper
2025-03-03 10:41:39,384 - ERROR - Error running garys_guide_scraper: No module named 'garys_guide_scraper'
2025-03-03 10:41:39,384 - INFO - Collected 0 events from garys_guide_scraper
2025-03-03 10:41:39,385 - ERROR - Error running interference_scraper: No module named 'interference_scraper'
2025-03-03 10:41:39,385 - INFO - Collected 0 events from interference_scraper
2025-03-03 10:41:39,386 - ERROR - Error running google_calendar_scraper: No module named 'google_calendar_scraper'
2025-03-03 10:41:39,386 - INFO - Collected 0 events from google_calendar_scraper
2025-03-03 10:41:39,387 - ERROR - Error running ics_calendar_scraper: No module named 'ics_calendar_scraper'
2025-03-03 10:41:39,387 - INFO - Collected 0 events from ics_calendar_scraper
2025-03-03 10:41:39,388 - INFO - 
Processed 0 events
2025-03-03 10:41:39,388 - INFO - Saved to data/all_events.json
2025-03-03 10:41:39,389 - INFO - 
Category Statistics:
2025-03-03 10:49:05,948 - INFO - 
Processing gary_events.json
2025-03-03 10:49:05,955 - INFO - 
Processing google_calendar_events.json
2025-03-03 10:49:05,962 - INFO - 
Processing ics_calendar_events.json
2025-03-03 10:49:05,964 - INFO - 
Processing interference_events.json
2025-03-03 10:49:05,977 - INFO - 
Processing pioneer_works_events.json
2025-03-03 10:50:51,181 - INFO - Deduplicating events...
2025-03-03 10:50:51,182 - INFO - Merging 2 duplicate events with URL: https://lu.ma/j7ivki67
2025-03-03 10:50:51,182 - INFO - Merging 2 duplicate events with URL: https://lu.ma/nyc-tech
2025-03-03 10:50:51,183 - INFO - Merging 3 duplicate events with URL: https://lu.ma/verci
2025-03-03 10:50:51,183 - INFO - Deduplication complete. Reduced from 459 to 455 events.
2025-03-03 10:50:51,183 - WARNING - Could not load existing locations: [Errno 2] No such file or directory: 'public/data/locations.json'
2025-03-03 10:50:51,187 - ERROR - Error saving to public/data/events.json: [Errno 2] No such file or directory: 'public/data/events.json'
2025-03-03 10:54:35,800 - INFO - 
Processing gary_events.json
2025-03-03 10:54:35,806 - INFO - 
Processing google_calendar_events.json
2025-03-03 10:54:35,818 - INFO - 
Processing ics_calendar_events.json
2025-03-03 10:54:35,821 - INFO - 
Processing interference_events.json
2025-03-03 10:54:35,822 - INFO - 
Processing pioneer_works_events.json
2025-03-03 10:56:12,819 - INFO - 
=== Starting Event Deduplication ===
2025-03-03 10:56:12,820 - INFO - 
Found 2 duplicate events with URL: https://lu.ma/j7ivki67
2025-03-03 10:56:12,820 - INFO - 
Duplicate #1:
2025-03-03 10:56:12,820 - INFO -   Title: SideQuest #22
2025-03-03 10:56:12,820 - INFO -   Community ID: com_fractal
2025-03-03 10:56:12,820 - INFO -   Location: 
2025-03-03 10:56:12,820 - INFO -   Source: pioneer_works_events
2025-03-03 10:56:12,820 - INFO -   Organizer: {'name': 'Fractal Tech: NYC', 'instagram': '', 'email': 't3v2rsoufffl206jh102tva3jeekfgme@import.calendar.google.com'}
2025-03-03 10:56:12,820 - INFO -   Speakers: Chandiran, Chandiran
2025-03-03 10:56:12,822 - INFO - 
Duplicate #2:
2025-03-03 10:56:12,822 - INFO -   Title: SideQuest #22
2025-03-03 10:56:12,822 - INFO -   Community ID: com_sidequest
2025-03-03 10:56:12,822 - INFO -   Location: 
2025-03-03 10:56:12,822 - INFO -   Source: pioneer_works_events
2025-03-03 10:56:12,822 - INFO -   Organizer: {'name': 'SideQuest', 'instagram': '', 'email': 'abln66abl799vb4gprllu4225l744l70@import.calendar.google.com'}
2025-03-03 10:56:12,822 - INFO -   Speakers: Chandiran, Chandiran
2025-03-03 10:56:12,822 - INFO - 
Merging events:
2025-03-03 10:56:12,822 - INFO -   Host Community: com_fractal
2025-03-03 10:56:12,822 - INFO -   Guest Community: com_sidequest
2025-03-03 10:56:12,822 - INFO -   Using organizer from guest event: {'name': 'SideQuest', 'instagram': '', 'email': 'abln66abl799vb4gprllu4225l744l70@import.calendar.google.com'}
2025-03-03 10:56:12,824 - INFO -   Removed 1 duplicate speakers
2025-03-03 10:56:12,824 - INFO -   Final speakers: Chandiran
2025-03-03 10:56:12,824 - INFO -   Removed 1 duplicate categories
2025-03-03 10:56:12,824 - INFO -   Final categories: Arts & Culture
2025-03-03 10:56:12,824 - INFO -   Removed 2 duplicate social links
2025-03-03 10:56:12,824 - INFO -   Merge complete

2025-03-03 10:56:12,824 - INFO - 
Found 2 duplicate events with URL: https://lu.ma/nyc-tech
2025-03-03 10:56:12,824 - INFO - 
Duplicate #1:
2025-03-03 10:56:12,824 - INFO -   Title: Tech 4 BABIES Hackathon
2025-03-03 10:56:12,824 - INFO -   Community ID: com_fractal
2025-03-03 10:56:12,824 - INFO -   Location: 
2025-03-03 10:56:12,824 - INFO -   Source: pioneer_works_events
2025-03-03 10:56:12,824 - INFO -   Organizer: {'name': 'Fractal Tech: NYC', 'instagram': '', 'email': 't3v2rsoufffl206jh102tva3jeekfgme@import.calendar.google.com'}
2025-03-03 10:56:12,824 - INFO -   Speakers: 
2025-03-03 10:56:12,824 - INFO - 
Duplicate #2:
2025-03-03 10:56:12,827 - INFO -   Title: Code & Coffee
2025-03-03 10:56:12,827 - INFO -   Community ID: com_fractal
2025-03-03 10:56:12,827 - INFO -   Location: 
2025-03-03 10:56:12,827 - INFO -   Source: pioneer_works_events
2025-03-03 10:56:12,827 - INFO -   Organizer: {'name': 'Fractal Tech: NYC', 'instagram': '', 'email': 't3v2rsoufffl206jh102tva3jeekfgme@import.calendar.google.com'}
2025-03-03 10:56:12,827 - INFO -   Speakers: 
2025-03-03 10:56:12,827 - INFO - 
Merging events:
2025-03-03 10:56:12,827 - INFO -   Host Community: com_fractal
2025-03-03 10:56:12,827 - INFO -   Guest Community: None
2025-03-03 10:56:12,827 - INFO -   Merge complete

2025-03-03 10:56:12,827 - INFO - 
Found 3 duplicate events with URL: https://lu.ma/verci
2025-03-03 10:56:12,829 - INFO - 
Duplicate #1:
2025-03-03 10:56:12,829 - INFO -   Title: Willo: Feel the Music ft. FELA aKUsTIc
2025-03-03 10:56:12,829 - INFO -   Community ID: com_verci
2025-03-03 10:56:12,829 - INFO -   Location: 
2025-03-03 10:56:12,829 - INFO -   Source: pioneer_works_events
2025-03-03 10:56:12,829 - INFO -   Organizer: {'name': 'Verci Events', 'instagram': '', 'email': 'pf6o7drlfrbhmpqlmlt7p215e70i9cjn@import.calendar.google.com'}
2025-03-03 10:56:12,829 - INFO -   Speakers: 
2025-03-03 10:56:12,829 - INFO - 
Duplicate #2:
2025-03-03 10:56:12,829 - INFO -   Title: Studio Jams - How to DJ Workshop with Ibiyemi
2025-03-03 10:56:12,830 - INFO -   Community ID: com_verci
2025-03-03 10:56:12,830 - INFO -   Location: 
2025-03-03 10:56:12,830 - INFO -   Source: pioneer_works_events
2025-03-03 10:56:12,830 - INFO -   Organizer: {'name': 'Verci Events', 'instagram': '', 'email': 'pf6o7drlfrbhmpqlmlt7p215e70i9cjn@import.calendar.google.com'}
2025-03-03 10:56:12,830 - INFO -   Speakers: 
2025-03-03 10:56:12,830 - INFO - 
Duplicate #3:
2025-03-03 10:56:12,830 - INFO -   Title: Much Anticipated Art Show
2025-03-03 10:56:12,832 - INFO -   Community ID: com_verci
2025-03-03 10:56:12,832 - INFO -   Location: 
2025-03-03 10:56:12,832 - INFO -   Source: pioneer_works_events
2025-03-03 10:56:12,832 - INFO -   Organizer: {'name': 'Verci Events', 'instagram': '', 'email': 'pf6o7drlfrbhmpqlmlt7p215e70i9cjn@import.calendar.google.com'}
2025-03-03 10:56:12,832 - INFO -   Speakers: 
2025-03-03 10:56:12,832 - INFO - 
Merging events:
2025-03-03 10:56:12,832 - INFO -   Host Community: com_verci
2025-03-03 10:56:12,832 - INFO -   Guest Community: None
2025-03-03 10:56:12,832 - INFO -   Merge complete

2025-03-03 10:56:12,832 - INFO - 
=== Deduplication Summary ===
2025-03-03 10:56:12,832 - INFO - Total events before deduplication: 459
2025-03-03 10:56:12,832 - INFO - Total events after deduplication: 455
2025-03-03 10:56:12,832 - INFO - Number of duplicate groups found: 3
2025-03-03 10:56:12,832 - INFO - =====================================

2025-03-03 10:56:12,832 - ERROR - Error saving to public/data/events.json: [Errno 2] No such file or directory: 'public/data/events.json'
2025-03-03 11:04:42,914 - INFO - 
Processing gary_events.json
2025-03-03 11:04:42,918 - INFO - 
Processing google_calendar_events.json
2025-03-03 11:04:42,924 - INFO - 
Processing ics_calendar_events.json
2025-03-03 11:04:42,926 - INFO - 
Processing interference_events.json
2025-03-03 11:04:42,926 - INFO - 
Processing pioneer_works_events.json
2025-03-03 11:06:29,144 - INFO - 
=== Starting Event Deduplication ===
2025-03-03 11:06:29,145 - INFO - 
Found 2 duplicate events with URL: https://lu.ma/j7ivki67
2025-03-03 11:06:29,145 - INFO - 
Duplicate #1:
2025-03-03 11:06:29,145 - INFO -   Title: SideQuest #22
2025-03-03 11:06:29,145 - INFO -   Community ID: com_fractal
2025-03-03 11:06:29,145 - INFO -   Location: 
2025-03-03 11:06:29,145 - INFO -   Source: pioneer_works_events
2025-03-03 11:06:29,147 - INFO -   Organizer: {'name': 'Fractal Tech: NYC', 'instagram': '', 'email': 't3v2rsoufffl206jh102tva3jeekfgme@import.calendar.google.com'}
2025-03-03 11:06:29,147 - INFO -   Speakers: Chandiran, Chandiran
2025-03-03 11:06:29,147 - INFO - 
Duplicate #2:
2025-03-03 11:06:29,147 - INFO -   Title: SideQuest #22
2025-03-03 11:06:29,147 - INFO -   Community ID: com_sidequest
2025-03-03 11:06:29,148 - INFO -   Location: 
2025-03-03 11:06:29,148 - INFO -   Source: pioneer_works_events
2025-03-03 11:06:29,148 - INFO -   Organizer: {'name': 'SideQuest', 'instagram': '', 'email': 'abln66abl799vb4gprllu4225l744l70@import.calendar.google.com'}
2025-03-03 11:06:29,149 - INFO -   Speakers: Chandiran, Chandiran
2025-03-03 11:06:29,149 - INFO - 
Merging events:
2025-03-03 11:06:29,149 - INFO -   Host Community: com_fractal
2025-03-03 11:06:29,149 - INFO -   Guest Community: com_sidequest
2025-03-03 11:06:29,149 - INFO -   Using organizer from guest event: {'name': 'SideQuest', 'instagram': '', 'email': 'abln66abl799vb4gprllu4225l744l70@import.calendar.google.com'}
2025-03-03 11:06:29,150 - INFO -   Removed 1 duplicate speakers
2025-03-03 11:06:29,150 - INFO -   Final speakers: Chandiran
2025-03-03 11:06:29,150 - INFO -   Removed 1 duplicate categories
2025-03-03 11:06:29,150 - INFO -   Final categories: Arts & Culture
2025-03-03 11:06:29,150 - INFO -   Removed 2 duplicate social links
2025-03-03 11:06:29,151 - INFO -   Merge complete

2025-03-03 11:06:29,151 - INFO - 
Found 2 duplicate events with URL: https://lu.ma/nyc-tech
2025-03-03 11:06:29,151 - INFO - 
Duplicate #1:
2025-03-03 11:06:29,151 - INFO -   Title: Tech 4 BABIES Hackathon
2025-03-03 11:06:29,151 - INFO -   Community ID: com_fractal
2025-03-03 11:06:29,152 - INFO -   Location: 
2025-03-03 11:06:29,152 - INFO -   Source: pioneer_works_events
2025-03-03 11:06:29,152 - INFO -   Organizer: {'name': 'Fractal Tech: NYC', 'instagram': '', 'email': 't3v2rsoufffl206jh102tva3jeekfgme@import.calendar.google.com'}
2025-03-03 11:06:29,152 - INFO -   Speakers: 
2025-03-03 11:06:29,152 - INFO - 
Duplicate #2:
2025-03-03 11:06:29,153 - INFO -   Title: Code & Coffee
2025-03-03 11:06:29,153 - INFO -   Community ID: com_fractal
2025-03-03 11:06:29,153 - INFO -   Location: 
2025-03-03 11:06:29,153 - INFO -   Source: pioneer_works_events
2025-03-03 11:06:29,153 - INFO -   Organizer: {'name': 'Fractal Tech: NYC', 'instagram': '', 'email': 't3v2rsoufffl206jh102tva3jeekfgme@import.calendar.google.com'}
2025-03-03 11:06:29,154 - INFO -   Speakers: 
2025-03-03 11:06:29,154 - INFO - 
Merging events:
2025-03-03 11:06:29,154 - INFO -   Host Community: com_fractal
2025-03-03 11:06:29,154 - INFO -   Guest Community: None
2025-03-03 11:06:29,154 - INFO -   Merge complete

2025-03-03 11:06:29,155 - INFO - 
Found 3 duplicate events with URL: https://lu.ma/verci
2025-03-03 11:06:29,155 - INFO - 
Duplicate #1:
2025-03-03 11:06:29,155 - INFO -   Title: Willo: Feel the Music ft. FELA aKUsTIc
2025-03-03 11:06:29,155 - INFO -   Community ID: com_verci
2025-03-03 11:06:29,155 - INFO -   Location: 
2025-03-03 11:06:29,156 - INFO -   Source: pioneer_works_events
2025-03-03 11:06:29,156 - INFO -   Organizer: {'name': 'Verci Events', 'instagram': '', 'email': 'pf6o7drlfrbhmpqlmlt7p215e70i9cjn@import.calendar.google.com'}
2025-03-03 11:06:29,156 - INFO -   Speakers: 
2025-03-03 11:06:29,156 - INFO - 
Duplicate #2:
2025-03-03 11:06:29,156 - INFO -   Title: Studio Jams - How to DJ Workshop with Ibiyemi
2025-03-03 11:06:29,156 - INFO -   Community ID: com_verci
2025-03-03 11:06:29,156 - INFO -   Location: 
2025-03-03 11:06:29,156 - INFO -   Source: pioneer_works_events
2025-03-03 11:06:29,156 - INFO -   Organizer: {'name': 'Verci Events', 'instagram': '', 'email': 'pf6o7drlfrbhmpqlmlt7p215e70i9cjn@import.calendar.google.com'}
2025-03-03 11:06:29,157 - INFO -   Speakers: 
2025-03-03 11:06:29,157 - INFO - 
Duplicate #3:
2025-03-03 11:06:29,157 - INFO -   Title: Much Anticipated Art Show
2025-03-03 11:06:29,157 - INFO -   Community ID: com_verci
2025-03-03 11:06:29,157 - INFO -   Location: 
2025-03-03 11:06:29,157 - INFO -   Source: pioneer_works_events
2025-03-03 11:06:29,158 - INFO -   Organizer: {'name': 'Verci Events', 'instagram': '', 'email': 'pf6o7drlfrbhmpqlmlt7p215e70i9cjn@import.calendar.google.com'}
2025-03-03 11:06:29,158 - INFO -   Speakers: 
2025-03-03 11:06:29,158 - INFO - 
Merging events:
2025-03-03 11:06:29,158 - INFO -   Host Community: com_verci
2025-03-03 11:06:29,158 - INFO -   Guest Community: None
2025-03-03 11:06:29,158 - INFO -   Merge complete

2025-03-03 11:06:29,159 - INFO - 
=== Deduplication Summary ===
2025-03-03 11:06:29,159 - INFO - Total events before deduplication: 459
2025-03-03 11:06:29,159 - INFO - Total events after deduplication: 455
2025-03-03 11:06:29,159 - INFO - Number of duplicate groups found: 3
2025-03-03 11:06:29,159 - INFO - =====================================

2025-03-03 11:15:34,629 - INFO - 
Processing gary_events.json
2025-03-03 11:15:34,635 - INFO - 
Processing google_calendar_events.json
2025-03-03 11:15:34,644 - INFO - 
Processing ics_calendar_events.json
2025-03-03 11:15:34,645 - INFO - 
Processing interference_events.json
2025-03-03 11:15:34,645 - INFO - 
Processing pioneer_works_events.json
2025-03-03 11:17:23,700 - INFO - 
=== Starting Event Deduplication ===
2025-03-03 11:17:23,701 - INFO - 
Found 2 duplicate events with URL: https://lu.ma/j7ivki67
2025-03-03 11:17:23,701 - INFO - 
Duplicate #1:
2025-03-03 11:17:23,702 - INFO -   Title: SideQuest #22
2025-03-03 11:17:23,703 - INFO -   Community ID: com_fractal
2025-03-03 11:17:23,703 - INFO -   Location: 
2025-03-03 11:17:23,703 - INFO -   Source: pioneer_works_events
2025-03-03 11:17:23,704 - INFO -   Organizer: {'name': 'Fractal Tech: NYC', 'instagram': '', 'email': 't3v2rsoufffl206jh102tva3jeekfgme@import.calendar.google.com'}
2025-03-03 11:17:23,704 - INFO -   Speakers: Chandiran, Chandiran
2025-03-03 11:17:23,705 - INFO - 
Duplicate #2:
2025-03-03 11:17:23,706 - INFO -   Title: SideQuest #22
2025-03-03 11:17:23,706 - INFO -   Community ID: com_sidequest
2025-03-03 11:17:23,707 - INFO -   Location: 
2025-03-03 11:17:23,707 - INFO -   Source: pioneer_works_events
2025-03-03 11:17:23,707 - INFO -   Organizer: {'name': 'SideQuest', 'instagram': '', 'email': 'abln66abl799vb4gprllu4225l744l70@import.calendar.google.com'}
2025-03-03 11:17:23,708 - INFO -   Speakers: Chandiran, Chandiran
2025-03-03 11:17:23,708 - INFO - 
Merging events:
2025-03-03 11:17:23,708 - INFO -   Primary Community: com_fractal
2025-03-03 11:17:23,709 - INFO -   Associated Communities: com_sidequest
2025-03-03 11:45:31,811 - INFO - 
Processing gary_events.json
2025-03-03 11:45:31,817 - INFO - 
Processing google_calendar_events.json
2025-03-03 11:45:31,829 - INFO - 
Processing ics_calendar_events.json
2025-03-03 11:45:31,831 - INFO - 
Processing interference_events.json
2025-03-03 11:45:31,832 - INFO - 
Processing pioneer_works_events.json
2025-03-03 11:47:41,662 - INFO - 
=== Starting Event Deduplication ===
2025-03-03 11:47:41,662 - INFO - 
Found 2 duplicate events with URL: https://lu.ma/j7ivki67
2025-03-03 11:47:41,662 - INFO - 
Duplicate #1:
2025-03-03 11:47:41,663 - INFO -   Title: SideQuest #22
2025-03-03 11:47:41,664 - INFO -   Community ID: com_fractal
2025-03-03 11:47:41,665 - INFO -   Location: 
2025-03-03 11:47:41,665 - INFO -   Source: pioneer_works_events
2025-03-03 11:47:41,666 - INFO -   Organizer: {'name': 'Fractal Tech: NYC', 'instagram': '', 'email': 't3v2rsoufffl206jh102tva3jeekfgme@import.calendar.google.com'}
2025-03-03 11:47:41,666 - INFO -   Speakers: Chandiran, Chandiran
2025-03-03 11:47:41,666 - INFO - 
Duplicate #2:
2025-03-03 11:47:41,666 - INFO -   Title: SideQuest #22
2025-03-03 11:47:41,667 - INFO -   Community ID: com_sidequest
2025-03-03 11:47:41,667 - INFO -   Location: 
2025-03-03 11:47:41,667 - INFO -   Source: pioneer_works_events
2025-03-03 11:47:41,668 - INFO -   Organizer: {'name': 'SideQuest', 'instagram': '', 'email': 'abln66abl799vb4gprllu4225l744l70@import.calendar.google.com'}
2025-03-03 11:47:41,668 - INFO -   Speakers: Chandiran, Chandiran
2025-03-03 11:47:41,668 - INFO - 
Merging events:
2025-03-03 11:47:41,668 - INFO -   Primary Community: com_fractal
2025-03-03 11:47:41,668 - INFO -   Associated Communities: com_sidequest
2025-03-03 11:50:43,079 - INFO - 
Processing gary_events.json
2025-03-03 11:50:43,085 - INFO - 
Processing google_calendar_events.json
2025-03-03 11:50:43,094 - INFO - 
Processing ics_calendar_events.json
2025-03-03 11:50:43,096 - INFO - 
Processing interference_events.json
2025-03-03 11:50:43,097 - INFO - 
Processing pioneer_works_events.json
2025-03-03 11:52:37,673 - INFO - 
=== Starting Event Deduplication ===
2025-03-03 11:52:37,674 - INFO - 
Found 2 duplicate events with URL: https://lu.ma/j7ivki67
2025-03-03 11:52:37,674 - INFO - 
Duplicate #1:
2025-03-03 11:52:37,674 - INFO -   Title: SideQuest #22
2025-03-03 11:52:37,675 - INFO -   Community ID: com_fractal
2025-03-03 11:52:37,675 - INFO -   Location: 
2025-03-03 11:52:37,675 - INFO -   Source: pioneer_works_events
2025-03-03 11:52:37,675 - INFO -   Organizer: {'name': 'Fractal Tech: NYC', 'instagram': '', 'email': 't3v2rsoufffl206jh102tva3jeekfgme@import.calendar.google.com'}
2025-03-03 11:52:37,675 - INFO -   Speakers: Chandiran, Chandiran
2025-03-03 11:52:37,676 - INFO - 
Duplicate #2:
2025-03-03 11:52:37,676 - INFO -   Title: SideQuest #22
2025-03-03 11:52:37,676 - INFO -   Community ID: com_sidequest
2025-03-03 11:52:37,676 - INFO -   Location: 
2025-03-03 11:52:37,676 - INFO -   Source: pioneer_works_events
2025-03-03 11:52:37,676 - INFO -   Organizer: {'name': 'SideQuest', 'instagram': '', 'email': 'abln66abl799vb4gprllu4225l744l70@import.calendar.google.com'}
2025-03-03 11:52:37,677 - INFO -   Speakers: Chandiran, Chandiran
2025-03-03 11:52:37,677 - INFO - 
Merging events:
2025-03-03 11:52:37,677 - INFO -   Primary Community: com_fractal
2025-03-03 11:52:37,677 - INFO -   Associated Communities: com_sidequest
2025-03-03 11:52:37,677 - INFO -   Organizers: Fractal Tech: NYC, SideQuest
2025-03-03 11:52:37,678 - INFO -   Removed 1 duplicate speakers
2025-03-03 11:52:37,678 - INFO -   Final speakers: Chandiran
2025-03-03 11:52:37,678 - INFO -   Removed 1 duplicate categories
2025-03-03 11:52:37,678 - INFO -   Final categories: Arts & Culture
2025-03-03 11:52:37,678 - INFO -   Removed 2 duplicate social links
2025-03-03 11:52:37,679 - INFO -   Merge complete

2025-03-03 11:52:37,679 - INFO - 
Found 2 duplicate events with URL: https://lu.ma/nyc-tech
2025-03-03 11:52:37,679 - INFO - 
Duplicate #1:
2025-03-03 11:52:37,679 - INFO -   Title: Tech 4 BABIES Hackathon
2025-03-03 11:52:37,680 - INFO -   Community ID: com_fractal
2025-03-03 11:52:37,680 - INFO -   Location: 
2025-03-03 11:52:37,680 - INFO -   Source: pioneer_works_events
2025-03-03 11:52:37,680 - INFO -   Organizer: {'name': 'Fractal Tech: NYC', 'instagram': '', 'email': 't3v2rsoufffl206jh102tva3jeekfgme@import.calendar.google.com'}
2025-03-03 11:52:37,680 - INFO -   Speakers: 
2025-03-03 11:52:37,681 - INFO - 
Duplicate #2:
2025-03-03 11:52:37,681 - INFO -   Title: Code & Coffee
2025-03-03 11:52:37,682 - INFO -   Community ID: com_fractal
2025-03-03 11:52:37,682 - INFO -   Location: 
2025-03-03 11:52:37,682 - INFO -   Source: pioneer_works_events
2025-03-03 11:52:37,683 - INFO -   Organizer: {'name': 'Fractal Tech: NYC', 'instagram': '', 'email': 't3v2rsoufffl206jh102tva3jeekfgme@import.calendar.google.com'}
2025-03-03 11:52:37,683 - INFO -   Speakers: 
2025-03-03 11:52:37,683 - INFO - 
Merging events:
2025-03-03 11:52:37,683 - INFO -   Primary Community: com_fractal
2025-03-03 11:52:37,683 - INFO -   Associated Communities: None
2025-03-03 11:52:37,684 - INFO -   Organizers: Fractal Tech: NYC
2025-03-03 11:52:37,684 - INFO -   Merge complete

2025-03-03 11:52:37,684 - INFO - 
Found 3 duplicate events with URL: https://lu.ma/verci
2025-03-03 11:52:37,684 - INFO - 
Duplicate #1:
2025-03-03 11:52:37,685 - INFO -   Title: Willo: Feel the Music ft. FELA aKUsTIc
2025-03-03 11:52:37,685 - INFO -   Community ID: com_verci
2025-03-03 11:52:37,685 - INFO -   Location: 
2025-03-03 11:52:37,685 - INFO -   Source: pioneer_works_events
2025-03-03 11:52:37,685 - INFO -   Organizer: {'name': 'Verci Events', 'instagram': '', 'email': 'pf6o7drlfrbhmpqlmlt7p215e70i9cjn@import.calendar.google.com'}
2025-03-03 11:52:37,686 - INFO -   Speakers: 
2025-03-03 11:52:37,686 - INFO - 
Duplicate #2:
2025-03-03 11:52:37,686 - INFO -   Title: Studio Jams - How to DJ Workshop with Ibiyemi
2025-03-03 11:52:37,686 - INFO -   Community ID: com_verci
2025-03-03 11:52:37,686 - INFO -   Location: 
2025-03-03 11:52:37,687 - INFO -   Source: pioneer_works_events
2025-03-03 11:52:37,687 - INFO -   Organizer: {'name': 'Verci Events', 'instagram': '', 'email': 'pf6o7drlfrbhmpqlmlt7p215e70i9cjn@import.calendar.google.com'}
2025-03-03 11:52:37,687 - INFO -   Speakers: 
2025-03-03 11:52:37,687 - INFO - 
Duplicate #3:
2025-03-03 11:52:37,687 - INFO -   Title: Much Anticipated Art Show
2025-03-03 11:52:37,688 - INFO -   Community ID: com_verci
2025-03-03 11:52:37,688 - INFO -   Location: 
2025-03-03 11:52:37,688 - INFO -   Source: pioneer_works_events
2025-03-03 11:52:37,688 - INFO -   Organizer: {'name': 'Verci Events', 'instagram': '', 'email': 'pf6o7drlfrbhmpqlmlt7p215e70i9cjn@import.calendar.google.com'}
2025-03-03 11:52:37,688 - INFO -   Speakers: 
2025-03-03 11:52:37,688 - INFO - 
Merging events:
2025-03-03 11:52:37,689 - INFO -   Primary Community: com_verci
2025-03-03 11:52:37,689 - INFO -   Associated Communities: None
2025-03-03 11:52:37,689 - INFO -   Organizers: Verci Events
2025-03-03 11:52:37,689 - INFO -   Merge complete

2025-03-03 11:52:37,689 - INFO - 
=== Deduplication Summary ===
2025-03-03 11:52:37,689 - INFO - Total events before deduplication: 459
2025-03-03 11:52:37,689 - INFO - Total events after deduplication: 455
2025-03-03 11:52:37,689 - INFO - Number of duplicate groups found: 3
2025-03-03 11:52:37,690 - INFO - =====================================

2025-03-03 11:52:37,802 - INFO - 
Summary:
2025-03-03 11:52:37,802 - INFO - Total events: 455
2025-03-03 11:52:37,803 - INFO - Total locations: 138
2025-03-03 11:52:37,803 - INFO - Top categories:
2025-03-03 11:52:37,803 - INFO -   Networking & Social: 450 events (0.87 avg confidence)
2025-03-03 11:52:37,803 - INFO -   Workshops & Training: 337 events (0.86 avg confidence)
2025-03-03 11:52:37,804 - INFO -   Tech Talks & Conferences: 234 events (0.83 avg confidence)
2025-03-03 11:52:37,804 - INFO -   Hackathons & Competitions: 147 events (0.79 avg confidence)
2025-03-03 11:52:37,804 - INFO -   Startup & Entrepreneurship: 112 events (0.74 avg confidence)
2025-03-03 11:52:37,804 - INFO -   Coworking & Workspace: 48 events (0.73 avg confidence)
2025-03-03 11:52:37,805 - INFO -   Tech Innovation & Research: 35 events (0.8 avg confidence)
2025-03-03 11:52:37,805 - INFO -   Special Interest Tech: 2 events (0.62 avg confidence)
2025-03-03 12:44:13,449 - INFO - 
Processing google_calendar_events.json
2025-03-03 12:44:13,485 - INFO - Filtered out 64 events without a name or with a blank name
2025-03-03 12:44:13,486 - INFO - 
Processing ics_calendar_events.json
2025-03-03 12:44:13,506 - INFO - 
Processing interference_events.json
2025-03-03 12:44:13,519 - INFO - 
Processing pioneer_works_events.json
2025-03-03 12:45:21,746 - INFO - 
=== Starting Event Deduplication ===
2025-03-03 12:45:21,746 - INFO - 
Found 2 duplicate events with URL: https://lu.ma/j7ivki67
2025-03-03 12:45:21,746 - INFO - 
Duplicate #1:
2025-03-03 12:45:21,746 - INFO -   Title: SideQuest #22
2025-03-03 12:45:21,746 - INFO -   Community ID: com_fractal
2025-03-03 12:45:21,746 - INFO -   Location: 
2025-03-03 12:45:21,747 - INFO -   Source: pioneer_works_events
2025-03-03 12:45:21,747 - INFO -   Organizer: {'name': 'Fractal Tech: NYC', 'instagram': '', 'email': 't3v2rsoufffl206jh102tva3jeekfgme@import.calendar.google.com'}
2025-03-03 12:45:21,747 - INFO -   Speakers: Chandiran, Chandiran
2025-03-03 12:45:21,747 - INFO - 
Duplicate #2:
2025-03-03 12:45:21,748 - INFO -   Title: SideQuest #22
2025-03-03 12:45:21,748 - INFO -   Community ID: com_sidequest
2025-03-03 12:45:21,748 - INFO -   Location: 
2025-03-03 12:45:21,748 - INFO -   Source: pioneer_works_events
2025-03-03 12:45:21,748 - INFO -   Organizer: {'name': 'SideQuest', 'instagram': '', 'email': 'abln66abl799vb4gprllu4225l744l70@import.calendar.google.com'}
2025-03-03 12:45:21,749 - INFO -   Speakers: Chandiran, Chandiran
2025-03-03 12:45:21,749 - INFO - 
Merging events:
2025-03-03 12:45:21,749 - INFO -   Primary Community: com_sidequest
2025-03-03 12:45:21,749 - INFO -   Associated Communities: com_fractal
2025-03-03 12:45:21,749 - INFO -   Organizers: Fractal Tech: NYC, SideQuest
2025-03-03 12:45:21,750 - INFO -   Removed 1 duplicate speakers
2025-03-03 12:45:21,750 - INFO -   Final speakers: Chandiran
2025-03-03 12:45:21,750 - INFO -   Removed 1 duplicate categories
2025-03-03 12:45:21,750 - INFO -   Final categories: Arts & Culture
2025-03-03 12:45:21,750 - INFO -   Removed 2 duplicate social links
2025-03-03 12:45:21,751 - INFO -   Merge complete

2025-03-03 12:45:21,751 - INFO - 
Found 2 duplicate events with URL: https://lu.ma/nyc-tech
2025-03-03 12:45:21,751 - INFO - 
Duplicate #1:
2025-03-03 12:45:21,751 - INFO -   Title: Tech 4 BABIES Hackathon
2025-03-03 12:45:21,752 - INFO -   Community ID: com_fractal
2025-03-03 12:45:21,752 - INFO -   Location: 
2025-03-03 12:45:21,752 - INFO -   Source: pioneer_works_events
2025-03-03 12:45:21,752 - INFO -   Organizer: {'name': 'Fractal Tech: NYC', 'instagram': '', 'email': 't3v2rsoufffl206jh102tva3jeekfgme@import.calendar.google.com'}
2025-03-03 12:45:21,752 - INFO -   Speakers: 
2025-03-03 12:45:21,753 - INFO - 
Duplicate #2:
2025-03-03 12:45:21,753 - INFO -   Title: Code & Coffee
2025-03-03 12:45:21,753 - INFO -   Community ID: com_fractal
2025-03-03 12:45:21,753 - INFO -   Location: 
2025-03-03 12:45:21,753 - INFO -   Source: pioneer_works_events
2025-03-03 12:45:21,754 - INFO -   Organizer: {'name': 'Fractal Tech: NYC', 'instagram': '', 'email': 't3v2rsoufffl206jh102tva3jeekfgme@import.calendar.google.com'}
2025-03-03 12:45:21,754 - INFO -   Speakers: 
2025-03-03 12:45:21,754 - INFO - 
Merging events:
2025-03-03 12:45:21,754 - INFO -   Primary Community: com_fractal
2025-03-03 12:45:21,754 - INFO -   Associated Communities: None
2025-03-03 12:45:21,754 - INFO -   Organizers: Fractal Tech: NYC
2025-03-03 12:45:21,755 - INFO -   Merge complete

2025-03-03 12:45:21,755 - INFO - 
Found 3 duplicate events with URL: https://lu.ma/verci
2025-03-03 12:45:21,755 - INFO - 
Duplicate #1:
2025-03-03 12:45:21,755 - INFO -   Title: Willo: Feel the Music ft. FELA aKUsTIc
2025-03-03 12:45:21,756 - INFO -   Community ID: com_verci
2025-03-03 12:45:21,756 - INFO -   Location: 
2025-03-03 12:45:21,756 - INFO -   Source: pioneer_works_events
2025-03-03 12:45:21,756 - INFO -   Organizer: {'name': 'Verci Events', 'instagram': '', 'email': 'pf6o7drlfrbhmpqlmlt7p215e70i9cjn@import.calendar.google.com'}
2025-03-03 12:45:21,756 - INFO -   Speakers: 
2025-03-03 12:45:21,756 - INFO - 
Duplicate #2:
2025-03-03 12:45:21,756 - INFO -   Title: Studio Jams - How to DJ Workshop with Ibiyemi
2025-03-03 12:45:21,756 - INFO -   Community ID: com_verci
2025-03-03 12:45:21,756 - INFO -   Location: 
2025-03-03 12:45:21,758 - INFO -   Source: pioneer_works_events
2025-03-03 12:45:21,758 - INFO -   Organizer: {'name': 'Verci Events', 'instagram': '', 'email': 'pf6o7drlfrbhmpqlmlt7p215e70i9cjn@import.calendar.google.com'}
2025-03-03 12:45:21,758 - INFO -   Speakers: 
2025-03-03 12:45:21,758 - INFO - 
Duplicate #3:
2025-03-03 12:45:21,758 - INFO -   Title: Much Anticipated Art Show
2025-03-03 12:45:21,758 - INFO -   Community ID: com_verci
2025-03-03 12:45:21,759 - INFO -   Location: 
2025-03-03 12:45:21,759 - INFO -   Source: pioneer_works_events
2025-03-03 12:45:21,759 - INFO -   Organizer: {'name': 'Verci Events', 'instagram': '', 'email': 'pf6o7drlfrbhmpqlmlt7p215e70i9cjn@import.calendar.google.com'}
2025-03-03 12:45:21,759 - INFO -   Speakers: 
2025-03-03 12:45:21,759 - INFO - 
Merging events:
2025-03-03 12:45:21,759 - INFO -   Primary Community: com_verci
2025-03-03 12:45:21,759 - INFO -   Associated Communities: None
2025-03-03 12:45:21,760 - INFO -   Organizers: Verci Events
2025-03-03 12:45:21,760 - INFO -   Merge complete

2025-03-03 12:45:21,760 - INFO - 
=== Deduplication Summary ===
2025-03-03 12:45:21,760 - INFO - Total events before deduplication: 286
2025-03-03 12:45:21,760 - INFO - Total events after deduplication: 282
2025-03-03 12:45:21,760 - INFO - Number of duplicate groups found: 3
2025-03-03 12:45:21,761 - INFO - =====================================

2025-03-03 12:45:21,799 - INFO - 
Summary:
2025-03-03 12:45:21,799 - INFO - Total events: 282
2025-03-03 12:45:21,799 - INFO - Total locations: 30
2025-03-03 12:45:21,799 - INFO - Top categories:
2025-03-03 12:45:21,799 - INFO -   Networking & Social: 277 events (0.86 avg confidence)
2025-03-03 12:45:21,801 - INFO -   Workshops & Training: 259 events (0.87 avg confidence)
2025-03-03 12:45:21,801 - INFO -   Tech Talks & Conferences: 190 events (0.86 avg confidence)
2025-03-03 12:45:21,801 - INFO -   Hackathons & Competitions: 61 events (0.78 avg confidence)
2025-03-03 12:45:21,801 - INFO -   Coworking & Workspace: 39 events (0.73 avg confidence)
2025-03-03 12:45:21,801 - INFO -   Tech Innovation & Research: 20 events (0.86 avg confidence)
2025-03-03 12:45:21,801 - INFO -   Startup & Entrepreneurship: 9 events (0.7 avg confidence)
2025-03-03 12:57:07,595 - INFO - 
Processing google_calendar_events.json
2025-03-03 12:57:07,616 - INFO - Filtered out 64 events without a name or with a blank name
2025-03-03 12:57:07,617 - INFO - 
Processing ics_calendar_events.json
2025-03-03 12:57:07,620 - INFO - 
Processing interference_events.json
2025-03-03 12:57:07,621 - INFO - 
Processing pioneer_works_events.json
2025-03-03 12:58:25,331 - INFO - 
=== Starting Event Deduplication ===
2025-03-03 12:58:25,331 - INFO - 
Found 2 duplicate events with URL: https://lu.ma/j7ivki67
2025-03-03 12:58:25,331 - INFO - 
Duplicate #1:
2025-03-03 12:58:25,331 - INFO -   Title: SideQuest #22
2025-03-03 12:58:25,331 - INFO -   Community ID: com_fractal
2025-03-03 12:58:25,333 - INFO -   Location: 
2025-03-03 12:58:25,333 - INFO -   Source: pioneer_works_events
2025-03-03 12:58:25,333 - INFO -   Organizer: {'name': 'Fractal Tech: NYC', 'instagram': '', 'email': 't3v2rsoufffl206jh102tva3jeekfgme@import.calendar.google.com'}
2025-03-03 12:58:25,333 - INFO -   Speakers: Chandiran, Chandiran
2025-03-03 12:58:25,334 - INFO - 
Duplicate #2:
2025-03-03 12:58:25,334 - INFO -   Title: SideQuest #22
2025-03-03 12:58:25,334 - INFO -   Community ID: com_sidequest
2025-03-03 12:58:25,334 - INFO -   Location: 
2025-03-03 12:58:25,335 - INFO -   Source: pioneer_works_events
2025-03-03 12:58:25,335 - INFO -   Organizer: {'name': 'SideQuest', 'instagram': '', 'email': 'abln66abl799vb4gprllu4225l744l70@import.calendar.google.com'}
2025-03-03 12:58:25,335 - INFO -   Speakers: Chandiran, Chandiran
2025-03-03 12:58:25,335 - INFO - 
Merging events:
2025-03-03 12:58:25,335 - INFO -   Primary Community: com_sidequest
2025-03-03 12:58:25,336 - INFO -   Associated Communities: com_fractal
2025-03-03 12:58:25,336 - INFO -   Using Fractal's location for SideQuest event: loc_fractal
2025-03-03 12:58:25,336 - INFO -   Organizers: Fractal Tech: NYC, SideQuest
2025-03-03 12:58:25,337 - INFO -   Removed 1 duplicate speakers
2025-03-03 12:58:25,337 - INFO -   Final speakers: Chandiran
2025-03-03 12:58:25,337 - INFO -   Removed 1 duplicate categories
2025-03-03 12:58:25,337 - INFO -   Final categories: Arts & Culture
2025-03-03 12:58:25,338 - INFO -   Removed 2 duplicate social links
2025-03-03 12:58:25,338 - INFO -   Merge complete

2025-03-03 12:58:25,338 - INFO - 
Found 2 duplicate events with URL: https://lu.ma/nyc-tech
2025-03-03 12:58:25,338 - INFO - 
Duplicate #1:
2025-03-03 12:58:25,339 - INFO -   Title: Tech 4 BABIES Hackathon
2025-03-03 12:58:25,339 - INFO -   Community ID: com_fractal
2025-03-03 12:58:25,339 - INFO -   Location: 
2025-03-03 12:58:25,339 - INFO -   Source: pioneer_works_events
2025-03-03 12:58:25,340 - INFO -   Organizer: {'name': 'Fractal Tech: NYC', 'instagram': '', 'email': 't3v2rsoufffl206jh102tva3jeekfgme@import.calendar.google.com'}
2025-03-03 12:58:25,340 - INFO -   Speakers: 
2025-03-03 12:58:25,340 - INFO - 
Duplicate #2:
2025-03-03 12:58:25,340 - INFO -   Title: Code & Coffee
2025-03-03 12:58:25,340 - INFO -   Community ID: com_fractal
2025-03-03 12:58:25,340 - INFO -   Location: 
2025-03-03 12:58:25,340 - INFO -   Source: pioneer_works_events
2025-03-03 12:58:25,342 - INFO -   Organizer: {'name': 'Fractal Tech: NYC', 'instagram': '', 'email': 't3v2rsoufffl206jh102tva3jeekfgme@import.calendar.google.com'}
2025-03-03 12:58:25,342 - INFO -   Speakers: 
2025-03-03 12:58:25,342 - INFO - 
Merging events:
2025-03-03 12:58:25,342 - INFO -   Primary Community: com_fractal
2025-03-03 12:58:25,342 - INFO -   Associated Communities: None
2025-03-03 12:58:25,343 - INFO -   Ensuring Fractal event uses loc_fractal
2025-03-03 12:58:25,343 - INFO -   Organizers: Fractal Tech: NYC
2025-03-03 12:58:25,343 - INFO -   Merge complete

2025-03-03 12:58:25,343 - INFO - 
Found 3 duplicate events with URL: https://lu.ma/verci
2025-03-03 12:58:25,343 - INFO - 
Duplicate #1:
2025-03-03 12:58:25,344 - INFO -   Title: Willo: Feel the Music ft. FELA aKUsTIc
2025-03-03 12:58:25,344 - INFO -   Community ID: com_verci
2025-03-03 12:58:25,344 - INFO -   Location: 
2025-03-03 12:58:25,344 - INFO -   Source: pioneer_works_events
2025-03-03 12:58:25,344 - INFO -   Organizer: {'name': 'Verci Events', 'instagram': '', 'email': 'pf6o7drlfrbhmpqlmlt7p215e70i9cjn@import.calendar.google.com'}
2025-03-03 12:58:25,345 - INFO -   Speakers: 
2025-03-03 12:58:25,345 - INFO - 
Duplicate #2:
2025-03-03 12:58:25,345 - INFO -   Title: Studio Jams - How to DJ Workshop with Ibiyemi
2025-03-03 12:58:25,345 - INFO -   Community ID: com_verci
2025-03-03 12:58:25,345 - INFO -   Location: 
2025-03-03 12:58:25,346 - INFO -   Source: pioneer_works_events
2025-03-03 12:58:25,346 - INFO -   Organizer: {'name': 'Verci Events', 'instagram': '', 'email': 'pf6o7drlfrbhmpqlmlt7p215e70i9cjn@import.calendar.google.com'}
2025-03-03 12:58:25,346 - INFO -   Speakers: 
2025-03-03 12:58:25,346 - INFO - 
Duplicate #3:
2025-03-03 12:58:25,346 - INFO -   Title: Much Anticipated Art Show
2025-03-03 12:58:25,346 - INFO -   Community ID: com_verci
2025-03-03 12:58:25,348 - INFO -   Location: 
2025-03-03 12:58:25,348 - INFO -   Source: pioneer_works_events
2025-03-03 12:58:25,348 - INFO -   Organizer: {'name': 'Verci Events', 'instagram': '', 'email': 'pf6o7drlfrbhmpqlmlt7p215e70i9cjn@import.calendar.google.com'}
2025-03-03 12:58:25,348 - INFO -   Speakers: 
2025-03-03 12:58:25,348 - INFO - 
Merging events:
2025-03-03 12:58:25,349 - INFO -   Primary Community: com_verci
2025-03-03 12:58:25,349 - INFO -   Associated Communities: None
2025-03-03 12:58:25,349 - INFO -   Organizers: Verci Events
2025-03-03 12:58:25,349 - INFO -   Merge complete

2025-03-03 12:58:25,349 - INFO - 
=== Deduplication Summary ===
2025-03-03 12:58:25,349 - INFO - Total events before deduplication: 286
2025-03-03 12:58:25,349 - INFO - Total events after deduplication: 282
2025-03-03 12:58:25,349 - INFO - Number of duplicate groups found: 3
2025-03-03 12:58:25,349 - INFO - =====================================

2025-03-03 12:58:25,397 - INFO - 
Summary:
2025-03-03 12:58:25,397 - INFO - Total events: 282
2025-03-03 12:58:25,397 - INFO - Total locations: 28
2025-03-03 12:58:25,397 - INFO - Top categories:
2025-03-03 12:58:25,398 - INFO -   Networking & Social: 277 events (0.86 avg confidence)
2025-03-03 12:58:25,398 - INFO -   Workshops & Training: 259 events (0.87 avg confidence)
2025-03-03 12:58:25,398 - INFO -   Tech Talks & Conferences: 190 events (0.86 avg confidence)
2025-03-03 12:58:25,399 - INFO -   Hackathons & Competitions: 61 events (0.78 avg confidence)
2025-03-03 12:58:25,399 - INFO -   Coworking & Workspace: 39 events (0.73 avg confidence)
2025-03-03 12:58:25,399 - INFO -   Tech Innovation & Research: 20 events (0.86 avg confidence)
2025-03-03 12:58:25,399 - INFO -   Startup & Entrepreneurship: 9 events (0.7 avg confidence)
2025-03-03 13:07:01,155 - INFO - 
Processing google_calendar_events.json
2025-03-03 13:07:01,166 - INFO - Filtered out 64 events without a name or with a blank name
2025-03-03 13:07:01,166 - INFO - 
Processing ics_calendar_events.json
2025-03-03 13:07:01,168 - INFO - 
Processing interference_events.json
2025-03-03 13:07:01,169 - INFO - 
Processing pioneer_works_events.json
2025-03-03 13:08:20,011 - INFO - 
=== Starting Event Deduplication ===
2025-03-03 13:08:20,012 - INFO - 
Found 2 duplicate events with URL: https://lu.ma/j7ivki67
2025-03-03 13:08:20,012 - INFO - 
Duplicate #1:
2025-03-03 13:08:20,012 - INFO -   Title: SideQuest #22
2025-03-03 13:08:20,013 - INFO -   Community ID: com_fractal
2025-03-03 13:08:20,013 - INFO -   Location: 
2025-03-03 13:08:20,013 - INFO -   Source: pioneer_works_events
2025-03-03 13:08:20,013 - INFO -   Organizer: {'name': 'Fractal Tech: NYC', 'instagram': '', 'email': 't3v2rsoufffl206jh102tva3jeekfgme@import.calendar.google.com'}
2025-03-03 13:08:20,014 - INFO -   Speakers: Chandiran, Chandiran
2025-03-03 13:08:20,014 - INFO - 
Duplicate #2:
2025-03-03 13:08:20,014 - INFO -   Title: SideQuest #22
2025-03-03 13:08:20,014 - INFO -   Community ID: com_sidequest
2025-03-03 13:08:20,014 - INFO -   Location: 
2025-03-03 13:08:20,014 - INFO -   Source: pioneer_works_events
2025-03-03 13:08:20,014 - INFO -   Organizer: {'name': 'SideQuest', 'instagram': '', 'email': 'abln66abl799vb4gprllu4225l744l70@import.calendar.google.com'}
2025-03-03 13:08:20,015 - INFO -   Speakers: Chandiran, Chandiran
2025-03-03 13:08:20,015 - INFO - 
Merging events:
2025-03-03 13:08:20,015 - INFO -   Primary Community: com_sidequest
2025-03-03 13:08:20,017 - INFO -   Associated Communities: com_fractal
2025-03-03 13:08:20,017 - INFO -   Using Fractal's location for SideQuest event: loc_fractal
2025-03-03 13:08:20,017 - INFO -   Organizers: Fractal Tech: NYC, SideQuest
2025-03-03 13:08:20,017 - INFO -   Removed 1 duplicate speakers
2025-03-03 13:08:20,018 - INFO -   Final speakers: Chandiran
2025-03-03 13:08:20,018 - INFO -   Removed 1 duplicate categories
2025-03-03 13:08:20,018 - INFO -   Final categories: Arts & Culture
2025-03-03 13:08:20,019 - INFO -   Removed 2 duplicate social links
2025-03-03 13:08:20,019 - INFO -   Merge complete

2025-03-03 13:08:20,019 - INFO - 
Found 2 duplicate events with URL: https://lu.ma/nyc-tech
2025-03-03 13:08:20,020 - INFO - 
Duplicate #1:
2025-03-03 13:08:20,020 - INFO -   Title: Tech 4 BABIES Hackathon
2025-03-03 13:08:20,020 - INFO -   Community ID: com_fractal
2025-03-03 13:08:20,020 - INFO -   Location: 
2025-03-03 13:08:20,021 - INFO -   Source: pioneer_works_events
2025-03-03 13:08:20,021 - INFO -   Organizer: {'name': 'Fractal Tech: NYC', 'instagram': '', 'email': 't3v2rsoufffl206jh102tva3jeekfgme@import.calendar.google.com'}
2025-03-03 13:08:20,021 - INFO -   Speakers: 
2025-03-03 13:08:20,022 - INFO - 
Duplicate #2:
2025-03-03 13:08:20,022 - INFO -   Title: Code & Coffee
2025-03-03 13:08:20,022 - INFO -   Community ID: com_fractal
2025-03-03 13:08:20,022 - INFO -   Location: 
2025-03-03 13:08:20,023 - INFO -   Source: pioneer_works_events
2025-03-03 13:08:20,023 - INFO -   Organizer: {'name': 'Fractal Tech: NYC', 'instagram': '', 'email': 't3v2rsoufffl206jh102tva3jeekfgme@import.calendar.google.com'}
2025-03-03 13:08:20,023 - INFO -   Speakers: 
2025-03-03 13:08:20,023 - INFO - 
Merging events:
2025-03-03 13:08:20,023 - INFO -   Primary Community: com_fractal
2025-03-03 13:08:20,023 - INFO -   Associated Communities: None
2025-03-03 13:08:20,024 - INFO -   Ensuring Fractal event uses loc_fractal
2025-03-03 13:08:20,024 - INFO -   Organizers: Fractal Tech: NYC
2025-03-03 13:08:20,024 - INFO -   Merge complete

2025-03-03 13:08:20,024 - INFO - 
Found 3 duplicate events with URL: https://lu.ma/verci
2025-03-03 13:08:20,024 - INFO - 
Duplicate #1:
2025-03-03 13:08:20,025 - INFO -   Title: Willo: Feel the Music ft. FELA aKUsTIc
2025-03-03 13:08:20,025 - INFO -   Community ID: com_verci
2025-03-03 13:08:20,025 - INFO -   Location: 
2025-03-03 13:08:20,025 - INFO -   Source: pioneer_works_events
2025-03-03 13:08:20,026 - INFO -   Organizer: {'name': 'Verci Events', 'instagram': '', 'email': 'pf6o7drlfrbhmpqlmlt7p215e70i9cjn@import.calendar.google.com'}
2025-03-03 13:08:20,026 - INFO -   Speakers: 
2025-03-03 13:08:20,026 - INFO - 
Duplicate #2:
2025-03-03 13:08:20,026 - INFO -   Title: Studio Jams - How to DJ Workshop with Ibiyemi
2025-03-03 13:08:20,027 - INFO -   Community ID: com_verci
2025-03-03 13:08:20,027 - INFO -   Location: 
2025-03-03 13:08:20,027 - INFO -   Source: pioneer_works_events
2025-03-03 13:08:20,027 - INFO -   Organizer: {'name': 'Verci Events', 'instagram': '', 'email': 'pf6o7drlfrbhmpqlmlt7p215e70i9cjn@import.calendar.google.com'}
2025-03-03 13:08:20,028 - INFO -   Speakers: 
2025-03-03 13:08:20,028 - INFO - 
Duplicate #3:
2025-03-03 13:08:20,028 - INFO -   Title: Much Anticipated Art Show
2025-03-03 13:08:20,028 - INFO -   Community ID: com_verci
2025-03-03 13:08:20,028 - INFO -   Location: 
2025-03-03 13:08:20,028 - INFO -   Source: pioneer_works_events
2025-03-03 13:08:20,028 - INFO -   Organizer: {'name': 'Verci Events', 'instagram': '', 'email': 'pf6o7drlfrbhmpqlmlt7p215e70i9cjn@import.calendar.google.com'}
2025-03-03 13:08:20,028 - INFO -   Speakers: 
2025-03-03 13:08:20,030 - INFO - 
Merging events:
2025-03-03 13:08:20,030 - INFO -   Primary Community: com_verci
2025-03-03 13:08:20,030 - INFO -   Associated Communities: None
2025-03-03 13:08:20,030 - INFO -   Organizers: Verci Events
2025-03-03 13:08:20,030 - INFO -   Merge complete

2025-03-03 13:08:20,031 - INFO - 
=== Deduplication Summary ===
2025-03-03 13:08:20,031 - INFO - Total events before deduplication: 286
2025-03-03 13:08:20,031 - INFO - Total events after deduplication: 282
2025-03-03 13:08:20,031 - INFO - Number of duplicate groups found: 3
2025-03-03 13:08:20,031 - INFO - =====================================

2025-03-03 13:08:20,088 - INFO - 
Summary:
2025-03-03 13:08:20,088 - INFO - Total events: 282
2025-03-03 13:08:20,089 - INFO - Total locations: 28
2025-03-03 13:08:20,089 - INFO - Top categories:
2025-03-03 13:08:20,089 - INFO -   Networking & Social: 277 events (0.86 avg confidence)
2025-03-03 13:08:20,089 - INFO -   Workshops & Training: 259 events (0.87 avg confidence)
2025-03-03 13:08:20,090 - INFO -   Tech Talks & Conferences: 190 events (0.86 avg confidence)
2025-03-03 13:08:20,090 - INFO -   Hackathons & Competitions: 61 events (0.78 avg confidence)
2025-03-03 13:08:20,090 - INFO -   Coworking & Workspace: 39 events (0.73 avg confidence)
2025-03-03 13:08:20,090 - INFO -   Tech Innovation & Research: 20 events (0.86 avg confidence)
2025-03-03 13:08:20,091 - INFO -   Startup & Entrepreneurship: 9 events (0.7 avg confidence)
