2025-02-14 20:38:26,728 - INFO - 
Analyzing https://www.eventbrite.com/d/ny--new-york/events/
2025-02-14 20:39:10,683 - INFO - 
Pattern 1 (Confidence: 0.00)
2025-02-14 20:39:10,684 - INFO - Type: html
2025-02-14 20:39:10,684 - INFO - Method: GET
2025-02-14 20:39:10,685 - INFO - URL: 
2025-02-14 20:39:10,685 - INFO - Notes:
2025-02-14 20:39:10,685 - INFO - Found 48 event elements
2025-02-14 20:39:10,685 - INFO - 
Analyzing https://www.meetup.com/find/?location=us--ny--new%20york
2025-02-14 20:39:21,759 - INFO - 
Analyzing https://www.nycgovparks.org/events
2025-02-14 20:39:30,286 - INFO - 
Analyzing https://calendar.google.com/calendar/u/0/embed?src=en.usa%23holiday@group.v.calendar.google.com
2025-02-14 20:39:41,965 - INFO - 
Analyzing https://calendar.google.com/calendar/embed?src=example@gmail.com
2025-02-14 20:39:49,589 - INFO - 
Pattern 1 (Confidence: 0.95)
2025-02-14 20:39:49,589 - INFO - Type: gcal
2025-02-14 20:39:49,589 - INFO - Method: GET
2025-02-14 20:39:49,589 - INFO - URL: https://calendar.google.com/calendar/embed?src=
2025-02-14 20:39:49,591 - INFO - Notes:
2025-02-14 20:39:49,591 - INFO - Found Google Calendar embed
2025-02-14 20:39:49,591 - INFO - 
Pattern 2 (Confidence: 0.95)
2025-02-14 20:39:49,591 - INFO - Type: gcal
2025-02-14 20:39:49,591 - INFO - Method: GET
2025-02-14 20:39:49,592 - INFO - URL: https://calendar.google.com/calendar/embed?src=
2025-02-14 20:39:49,592 - INFO - Notes:
2025-02-14 20:39:49,592 - INFO - Found Google Calendar embed
2025-02-14 20:39:49,592 - INFO - 
Pattern 3 (Confidence: 0.95)
2025-02-14 20:39:49,592 - INFO - Type: gcal
2025-02-14 20:39:49,593 - INFO - Method: GET
2025-02-14 20:39:49,593 - INFO - URL: https://calendar.google.com/calendar/embed?src=
2025-02-14 20:39:49,593 - INFO - Notes:
2025-02-14 20:39:49,593 - INFO - Found Google Calendar embed
2025-02-14 20:39:49,593 - INFO - 
Pattern 4 (Confidence: 0.95)
2025-02-14 20:39:49,593 - INFO - Type: gcal
2025-02-14 20:39:49,593 - INFO - Method: GET
2025-02-14 20:39:49,594 - INFO - URL: https://calendar.google.com/calendar/embed?src=
2025-02-14 20:39:49,594 - INFO - Notes:
2025-02-14 20:39:49,594 - INFO - Found Google Calendar embed
