2025-02-18 16:52:29,461 - ERROR - File data/substacks.json not found.
2025-02-18 16:52:29,465 - INFO - Successfully saved 0 posts to data\substackposts.json
2025-02-18 16:52:50,711 - INFO - Fetching feed for New York Simply from https://newyorksimply.substack.com/feed
2025-02-18 16:52:50,715 - INFO - Fetching feed for The Wire NYC from https://thewire.educators.nyc/feed
2025-02-18 16:52:50,715 - INFO - Fetching feed for Cool Stuff NYC from https://coolstuffnyc.substack.com/feed
2025-02-18 16:52:50,715 - INFO - Fetching feed for NYC Food Faves from https://nycfoodfaves.substack.com/feed
2025-02-18 16:52:50,716 - INFO - Fetching feed for Art Hag NYC from https://arthagnyc.substack.com/feed
2025-02-18 16:52:50,716 - INFO - Fetching feed for NYC Street Style from https://nycstreetstylegirl.substack.com/feed
2025-02-18 16:52:50,716 - INFO - Fetching feed for Wheels of NYC from https://wheelsofnyc.substack.com/feed
2025-02-18 16:52:50,716 - INFO - Fetching feed for NYC or Nowhere from https://nycornowhere.substack.com/feed
2025-02-18 16:52:50,716 - INFO - Fetching feed for New York on Earth from https://newyorkonearth.substack.com/feed
2025-02-18 16:52:50,716 - INFO - Fetching feed for The Neighborhoods from https://theneighborhoods.substack.com/feed
2025-02-18 16:52:50,717 - INFO - Fetching feed for New York Cartoons from https://www.newyorkcartoons.com/rss
2025-02-18 16:52:50,717 - INFO - Fetching feed for Friends of New York City Abundance from https://newyorkabundance.substack.com/feed
2025-02-18 16:52:50,717 - INFO - Fetching feed for New York Minute from https://nycminute.substack.com/feed
2025-02-18 16:52:50,717 - INFO - Fetching feed for Hot Singles from https://hotsingles.nyc/feed
2025-02-18 16:52:50,717 - INFO - Fetching feed for NYC Politics 101 from https://nycpolitics101.substack.com/feed
2025-02-18 16:52:50,717 - INFO - Fetching feed for Mapping NYC from https://mappingnyc.substack.com/feed
2025-02-18 16:52:51,266 - INFO - Successfully fetched 5 posts from NYC Street Style
2025-02-18 16:52:51,270 - INFO - Successfully fetched 20 posts from The Wire NYC
2025-02-18 16:52:51,277 - INFO - Successfully fetched 3 posts from Wheels of NYC
2025-02-18 16:52:51,546 - INFO - Successfully fetched 20 posts from New York Simply
2025-02-18 16:52:51,561 - INFO - Successfully fetched 20 posts from Cool Stuff NYC
2025-02-18 16:52:51,568 - INFO - Successfully fetched 1 posts from NYC Food Faves
2025-02-18 16:52:51,575 - INFO - Successfully fetched 0 posts from Hot Singles
2025-02-18 16:52:51,579 - INFO - Successfully fetched 7 posts from NYC or Nowhere
2025-02-18 16:52:51,597 - INFO - Successfully fetched 15 posts from Art Hag NYC
2025-02-18 16:52:51,599 - INFO - Successfully fetched 0 posts from Mapping NYC
2025-02-18 16:52:51,601 - INFO - Successfully fetched 20 posts from New York on Earth
2025-02-18 16:52:51,613 - INFO - Successfully fetched 7 posts from Friends of New York City Abundance
2025-02-18 16:52:51,619 - INFO - Successfully fetched 13 posts from NYC Politics 101
2025-02-18 16:52:51,641 - ERROR - Failed to fetch posts from New York Cartoons. Status: 404
2025-02-18 16:52:51,697 - INFO - Successfully fetched 20 posts from The Neighborhoods
2025-02-18 16:52:52,553 - INFO - Successfully fetched 3 posts from New York Minute
2025-02-18 16:52:52,560 - INFO - Successfully saved 154 posts to data\substackposts.json
2025-02-18 16:57:21,110 - INFO - Fetching feed for New York Simply from https://newyorksimply.substack.com/feed
2025-02-18 16:57:21,114 - INFO - Fetching feed for The Wire NYC from https://thewire.educators.nyc/feed
2025-02-18 16:57:21,114 - INFO - Fetching feed for Cool Stuff NYC from https://coolstuffnyc.substack.com/feed
2025-02-18 16:57:21,114 - INFO - Fetching feed for NYC Food Faves from https://nycfoodfaves.substack.com/feed
2025-02-18 16:57:21,114 - INFO - Fetching feed for Art Hag NYC from https://arthagnyc.substack.com/feed
2025-02-18 16:57:21,114 - INFO - Fetching feed for NYC Street Style from https://nycstreetstylegirl.substack.com/feed
2025-02-18 16:57:21,114 - INFO - Fetching feed for Wheels of NYC from https://wheelsofnyc.substack.com/feed
2025-02-18 16:57:21,115 - INFO - Fetching feed for NYC or Nowhere from https://nycornowhere.substack.com/feed
2025-02-18 16:57:21,115 - INFO - Fetching feed for New York on Earth from https://newyorkonearth.substack.com/feed
2025-02-18 16:57:21,115 - INFO - Fetching feed for The Neighborhoods from https://theneighborhoods.substack.com/feed
2025-02-18 16:57:21,115 - INFO - Fetching feed for New York Cartoons from https://www.newyorkcartoons.com/rss
2025-02-18 16:57:21,115 - INFO - Fetching feed for Friends of New York City Abundance from https://newyorkabundance.substack.com/feed
2025-02-18 16:57:21,134 - INFO - Fetching feed for New York Minute from https://nycminute.substack.com/feed
2025-02-18 16:57:21,134 - INFO - Fetching feed for Hot Singles from https://hotsingles.nyc/feed
2025-02-18 16:57:21,135 - INFO - Fetching feed for NYC Politics 101 from https://nycpolitics101.substack.com/feed
2025-02-18 16:57:21,135 - INFO - Fetching feed for Mapping NYC from https://mappingnyc.substack.com/feed
2025-02-18 16:57:21,604 - INFO - Successfully fetched 0 posts from Mapping NYC
2025-02-18 16:57:21,610 - INFO - Successfully fetched 13 posts from NYC Politics 101
2025-02-18 16:57:21,881 - INFO - Successfully fetched 5 posts from NYC Street Style
2025-02-18 16:57:21,885 - INFO - Successfully fetched 20 posts from New York Simply
2025-02-18 16:57:21,896 - INFO - Successfully fetched 7 posts from Friends of New York City Abundance
2025-02-18 16:57:21,909 - INFO - Successfully fetched 20 posts from The Wire NYC
2025-02-18 16:57:21,917 - INFO - Successfully fetched 20 posts from New York on Earth
2025-02-18 16:57:21,926 - INFO - Successfully fetched 0 posts from Hot Singles
2025-02-18 16:57:21,928 - INFO - Successfully fetched 3 posts from New York Minute
2025-02-18 16:57:21,930 - INFO - Successfully fetched 7 posts from NYC or Nowhere
2025-02-18 16:57:21,939 - INFO - Successfully fetched 3 posts from Wheels of NYC
2025-02-18 16:57:21,953 - INFO - Successfully fetched 15 posts from Art Hag NYC
2025-02-18 16:57:21,957 - INFO - Successfully fetched 1 posts from NYC Food Faves
2025-02-18 16:57:21,970 - INFO - Successfully fetched 20 posts from Cool Stuff NYC
2025-02-18 16:57:22,039 - INFO - Successfully fetched 20 posts from The Neighborhoods
2025-02-18 16:57:22,081 - ERROR - Failed to fetch posts from New York Cartoons. Status: 404
2025-02-18 16:57:22,088 - INFO - Successfully saved 154 posts to data\substackposts.json
