2025-03-02 17:54:52,202 - INFO - Loading locations from C:\Users\jsper\dev\Github\nycevents\public/data\locations.json
2025-03-02 17:54:52,203 - INFO - Loading communities from C:\Users\jsper\dev\Github\nycevents\public/data\communities.json
2025-03-02 17:54:52,204 - INFO - Starting RAID NYC scraper
2025-03-02 17:54:52,204 - INFO - Fetching events from https://api.lu.ma/v1/public/calendar/raid
2025-03-02 17:54:52,669 - ERROR - Error scraping events: 404 Client Error: Not Found for url: https://api.lu.ma/v1/public/calendar/raid
2025-03-02 17:54:52,669 - INFO - Finished RAID NYC scraper
2025-03-03 09:41:00,663 - INFO - Found 0 upcoming events
2025-03-03 09:41:01,405 - INFO - Fetching details from Luma event URL: https://lu.ma/e/evt-Wn4PhccXcIJmdfj
2025-03-03 09:41:02,279 - INFO - Found 1 upcoming events
2025-03-03 09:41:04,173 - INFO - Fetching details from Luma event URL: https://lu.ma/e/evt-Wn4PhccXcIJmdfj
2025-03-03 09:41:05,455 - INFO - Fetching details from Luma event URL: https://lu.ma/e/evt-KBzKfEQ6zQtMHJS
2025-03-03 09:41:06,359 - INFO - Found 1 upcoming events
2025-03-03 09:41:06,360 - INFO - Fetching details from Luma event URL: https://lu.ma/e/evt-KBzKfEQ6zQtMHJS
2025-03-03 09:41:08,457 - INFO - Fetching details from Luma event URL: https://lu.ma/mbu4l4ac
2025-03-03 09:41:09,127 - INFO - Fetching details from Luma event URL: https://lu.ma/hj4wfh8n
2025-03-03 09:41:09,564 - INFO - Found 2 upcoming events
2025-03-03 09:41:10,047 - INFO - Fetching details from Luma event URL: https://lu.ma/e/evt-KaRsWnUBaO7m5Ck
2025-03-03 09:41:10,659 - INFO - Fetching details from Luma event URL: https://lu.ma/e1fwkxvt
2025-03-03 09:41:11,050 - INFO - Found 2 upcoming events
2025-03-03 09:41:11,050 - INFO - Fetching details from Luma event URL: https://lu.ma/e/evt-KaRsWnUBaO7m5Ck
2025-03-03 09:41:12,079 - INFO - Fetching details from Luma event URL: https://lu.ma/thirdplacebarnyc
2025-03-03 09:41:12,463 - INFO - Fetching details from Luma event URL: https://lu.ma/ylk4ky6s
2025-03-03 09:41:12,755 - INFO - Fetching details from Luma event URL: https://lu.ma/yxbmpe6w
2025-03-03 09:41:13,158 - INFO - Found 3 upcoming events
2025-03-03 09:41:13,648 - INFO - Fetching details from Luma event URL: https://lu.ma/x58kfr7r
2025-03-03 09:41:14,058 - INFO - Fetching details from Luma event URL: https://lu.ma/mux5n3fp
2025-03-03 09:41:14,403 - INFO - Fetching details from Luma event URL: https://lu.ma/o6movhkg
2025-03-03 09:41:14,779 - INFO - Found 3 upcoming events
2025-03-03 09:41:15,373 - INFO - Fetching details from Luma event URL: https://lu.ma/e/evt-oIvDaa63ZqUjhh1
2025-03-03 09:41:15,928 - INFO - Fetching details from Luma event URL: https://lu.ma/e/evt-FjTPXSgqSm8jr7V
2025-03-03 09:41:16,377 - INFO - Fetching details from Luma event URL: https://lu.ma/e/evt-v8lhdyVVBBC8LvB
2025-03-03 09:41:16,948 - INFO - Found 3 upcoming events
2025-03-03 09:41:16,949 - INFO - Fetching details from Luma event URL: https://lu.ma/e/evt-oIvDaa63ZqUjhh1
2025-03-03 09:41:17,632 - INFO - Fetching details from Luma event URL: https://lu.ma/e/evt-FjTPXSgqSm8jr7V
2025-03-03 09:41:18,358 - INFO - Fetching details from Luma event URL: https://lu.ma/e/evt-v8lhdyVVBBC8LvB
2025-03-03 09:50:17,285 - INFO - file_cache is only supported with oauth2client<4.0.0
2025-03-03 09:50:18,021 - INFO - file_cache is only supported with oauth2client<4.0.0
2025-03-03 09:50:18,641 - INFO - Found Luma URL in Google Calendar event: https://lu.ma/r3p252x2
2025-03-03 09:50:18,641 - INFO - Fetching details from Luma event URL: https://lu.ma/r3p252x2
2025-03-03 09:50:19,157 - INFO - Found Luma URL in Google Calendar event: https://lu.ma/gxs2mzhq
2025-03-03 09:50:19,157 - INFO - Fetching details from Luma event URL: https://lu.ma/gxs2mzhq
2025-03-03 09:50:19,792 - INFO - Found Luma URL in Google Calendar event: https://lu.ma/j7ivki67
2025-03-03 09:50:19,793 - INFO - Fetching details from Luma event URL: https://lu.ma/j7ivki67
2025-03-03 09:50:20,395 - INFO - Found Luma URL in Google Calendar event: https://lu.ma/7g3v557t
2025-03-03 09:50:20,396 - INFO - Fetching details from Luma event URL: https://lu.ma/7g3v557t
2025-03-03 09:50:20,976 - INFO - Found Luma URL in Google Calendar event: https://lu.ma/nyc-tech
2025-03-03 09:50:20,976 - INFO - Fetching details from Luma event URL: https://lu.ma/nyc-tech
2025-03-03 09:50:21,638 - INFO - Found Luma URL in Google Calendar event: https://lu.ma/nyc-tech
2025-03-03 09:50:21,638 - INFO - Fetching details from Luma event URL: https://lu.ma/nyc-tech
2025-03-03 09:50:22,215 - INFO - Found Luma URL in Google Calendar event: https://lu.ma/u6rdfq50
2025-03-03 09:50:22,216 - INFO - Fetching details from Luma event URL: https://lu.ma/u6rdfq50
2025-03-03 09:50:22,527 - INFO - file_cache is only supported with oauth2client<4.0.0
2025-03-03 09:50:22,995 - INFO - file_cache is only supported with oauth2client<4.0.0
2025-03-03 09:50:23,588 - INFO - file_cache is only supported with oauth2client<4.0.0
2025-03-03 09:50:24,214 - INFO - Found Luma URL in Google Calendar event: https://lu.ma/spc-satya-nadella
2025-03-03 09:50:24,214 - INFO - Fetching details from Luma event URL: https://lu.ma/spc-satya-nadella
2025-03-03 09:50:24,610 - INFO - Found Luma URL in Google Calendar event: https://lu.ma/bilt-rewards-spc
2025-03-03 09:50:24,611 - INFO - Fetching details from Luma event URL: https://lu.ma/bilt-rewards-spc
2025-03-03 09:50:24,974 - INFO - file_cache is only supported with oauth2client<4.0.0
2025-03-03 09:50:25,531 - INFO - Found Luma URL in Google Calendar event: https://lu.ma/qwiqx8hg
2025-03-03 09:50:25,531 - INFO - Fetching details from Luma event URL: https://lu.ma/qwiqx8hg
2025-03-03 09:50:25,862 - INFO - Found Luma URL in Google Calendar event: https://lu.ma/verci
2025-03-03 09:50:25,863 - INFO - Fetching details from Luma event URL: https://lu.ma/verci
2025-03-03 09:50:26,244 - INFO - Found Luma URL in Google Calendar event: https://lu.ma/verci
2025-03-03 09:50:26,244 - INFO - Fetching details from Luma event URL: https://lu.ma/verci
2025-03-03 09:50:26,546 - INFO - Found Luma URL in Google Calendar event: https://lu.ma/verci
2025-03-03 09:50:26,546 - INFO - Fetching details from Luma event URL: https://lu.ma/verci
2025-03-03 09:50:26,868 - INFO - file_cache is only supported with oauth2client<4.0.0
2025-03-03 09:50:27,249 - INFO - Found Luma URL in Google Calendar event: https://lu.ma/j7ivki67
2025-03-03 09:50:27,249 - INFO - Fetching details from Luma event URL: https://lu.ma/j7ivki67
2025-03-03 09:52:24,877 - INFO - Found 0 upcoming events
2025-03-03 09:52:25,111 - INFO - Fetching details from Luma event URL: https://lu.ma/e/evt-Wn4PhccXcIJmdfj
2025-03-03 09:52:26,472 - INFO - Found 1 upcoming events
2025-03-03 09:52:26,523 - INFO - Fetching details from Luma event URL: https://lu.ma/e/evt-Wn4PhccXcIJmdfj
2025-03-03 09:52:27,529 - INFO - Fetching details from Luma event URL: https://lu.ma/e/evt-KBzKfEQ6zQtMHJS
2025-03-03 09:52:28,123 - INFO - Found 1 upcoming events
2025-03-03 09:52:28,123 - INFO - Fetching details from Luma event URL: https://lu.ma/e/evt-KBzKfEQ6zQtMHJS
2025-03-03 09:52:29,136 - INFO - Fetching details from Luma event URL: https://lu.ma/mbu4l4ac
2025-03-03 09:52:29,672 - INFO - Fetching details from Luma event URL: https://lu.ma/hj4wfh8n
2025-03-03 09:52:30,124 - INFO - Found 2 upcoming events
2025-03-03 09:52:30,345 - INFO - Fetching details from Luma event URL: https://lu.ma/e/evt-KaRsWnUBaO7m5Ck
2025-03-03 09:52:30,911 - INFO - Fetching details from Luma event URL: https://lu.ma/e1fwkxvt
2025-03-03 09:52:31,293 - INFO - Found 2 upcoming events
2025-03-03 09:52:31,293 - INFO - Fetching details from Luma event URL: https://lu.ma/e/evt-KaRsWnUBaO7m5Ck
2025-03-03 09:52:32,513 - INFO - Fetching details from Luma event URL: https://lu.ma/thirdplacebarnyc
2025-03-03 09:52:32,860 - INFO - Fetching details from Luma event URL: https://lu.ma/ylk4ky6s
2025-03-03 09:52:33,220 - INFO - Fetching details from Luma event URL: https://lu.ma/yxbmpe6w
2025-03-03 09:52:33,601 - INFO - Found 3 upcoming events
2025-03-03 09:52:34,066 - INFO - Fetching details from Luma event URL: https://lu.ma/x58kfr7r
2025-03-03 09:52:34,573 - INFO - Fetching details from Luma event URL: https://lu.ma/mux5n3fp
2025-03-03 09:52:35,012 - INFO - Fetching details from Luma event URL: https://lu.ma/o6movhkg
2025-03-03 09:52:35,974 - INFO - Found 3 upcoming events
2025-03-03 09:52:36,178 - INFO - Fetching details from Luma event URL: https://lu.ma/e/evt-oIvDaa63ZqUjhh1
2025-03-03 09:52:36,777 - INFO - Fetching details from Luma event URL: https://lu.ma/e/evt-FjTPXSgqSm8jr7V
2025-03-03 09:52:37,278 - INFO - Fetching details from Luma event URL: https://lu.ma/e/evt-v8lhdyVVBBC8LvB
2025-03-03 09:52:37,888 - INFO - Found 3 upcoming events
2025-03-03 09:52:37,889 - INFO - Fetching details from Luma event URL: https://lu.ma/e/evt-oIvDaa63ZqUjhh1
2025-03-03 09:52:38,414 - INFO - Fetching details from Luma event URL: https://lu.ma/e/evt-FjTPXSgqSm8jr7V
2025-03-03 09:52:39,424 - INFO - Fetching details from Luma event URL: https://lu.ma/e/evt-v8lhdyVVBBC8LvB
2025-03-03 09:52:46,440 - INFO - Found 0 upcoming events
2025-03-03 09:52:47,105 - INFO - Fetching details from Luma event URL: https://lu.ma/e/evt-Wn4PhccXcIJmdfj
2025-03-03 09:52:47,577 - INFO - Found 1 upcoming events
2025-03-03 09:52:47,632 - INFO - Fetching details from Luma event URL: https://lu.ma/e/evt-Wn4PhccXcIJmdfj
2025-03-03 09:52:48,621 - INFO - Fetching details from Luma event URL: https://lu.ma/e/evt-KBzKfEQ6zQtMHJS
2025-03-03 09:52:49,162 - INFO - Found 1 upcoming events
2025-03-03 09:52:49,162 - INFO - Fetching details from Luma event URL: https://lu.ma/e/evt-KBzKfEQ6zQtMHJS
2025-03-03 09:52:50,377 - INFO - Fetching details from Luma event URL: https://lu.ma/mbu4l4ac
2025-03-03 09:52:51,000 - INFO - Fetching details from Luma event URL: https://lu.ma/hj4wfh8n
2025-03-03 09:52:51,406 - INFO - Found 2 upcoming events
2025-03-03 09:52:51,853 - INFO - Fetching details from Luma event URL: https://lu.ma/e/evt-KaRsWnUBaO7m5Ck
2025-03-03 09:52:52,388 - INFO - Fetching details from Luma event URL: https://lu.ma/e1fwkxvt
2025-03-03 09:52:53,219 - INFO - Found 2 upcoming events
2025-03-03 09:52:53,219 - INFO - Fetching details from Luma event URL: https://lu.ma/e/evt-KaRsWnUBaO7m5Ck
2025-03-03 09:52:56,264 - INFO - Fetching details from Luma event URL: https://lu.ma/thirdplacebarnyc
2025-03-03 09:52:56,682 - INFO - Fetching details from Luma event URL: https://lu.ma/ylk4ky6s
2025-03-03 09:52:57,059 - INFO - Fetching details from Luma event URL: https://lu.ma/yxbmpe6w
2025-03-03 09:52:57,456 - INFO - Found 3 upcoming events
2025-03-03 09:52:57,660 - INFO - Fetching details from Luma event URL: https://lu.ma/x58kfr7r
2025-03-03 09:52:58,134 - INFO - Fetching details from Luma event URL: https://lu.ma/mux5n3fp
2025-03-03 09:52:58,493 - INFO - Fetching details from Luma event URL: https://lu.ma/o6movhkg
2025-03-03 09:52:58,892 - INFO - Found 3 upcoming events
2025-03-03 09:52:59,070 - INFO - Fetching details from Luma event URL: https://lu.ma/e/evt-oIvDaa63ZqUjhh1
2025-03-03 09:52:59,630 - INFO - Fetching details from Luma event URL: https://lu.ma/e/evt-FjTPXSgqSm8jr7V
2025-03-03 09:53:00,142 - INFO - Fetching details from Luma event URL: https://lu.ma/e/evt-v8lhdyVVBBC8LvB
2025-03-03 09:53:00,643 - INFO - Found 3 upcoming events
2025-03-03 09:53:00,643 - INFO - Fetching details from Luma event URL: https://lu.ma/e/evt-oIvDaa63ZqUjhh1
2025-03-03 09:53:01,153 - INFO - Fetching details from Luma event URL: https://lu.ma/e/evt-FjTPXSgqSm8jr7V
2025-03-03 09:53:01,575 - INFO - Fetching details from Luma event URL: https://lu.ma/e/evt-v8lhdyVVBBC8LvB
2025-03-03 10:19:30,770 - INFO - file_cache is only supported with oauth2client<4.0.0
2025-03-03 10:19:31,242 - INFO - file_cache is only supported with oauth2client<4.0.0
2025-03-03 10:19:31,674 - INFO - Found Luma URL in Google Calendar event: https://lu.ma/r3p252x2
2025-03-03 10:19:31,676 - INFO - Fetching details from Luma event URL: https://lu.ma/r3p252x2
2025-03-03 10:19:32,077 - INFO - Found Luma URL in Google Calendar event: https://lu.ma/gxs2mzhq
2025-03-03 10:19:32,077 - INFO - Fetching details from Luma event URL: https://lu.ma/gxs2mzhq
2025-03-03 10:19:32,820 - INFO - Found Luma URL in Google Calendar event: https://lu.ma/j7ivki67
2025-03-03 10:19:32,820 - INFO - Fetching details from Luma event URL: https://lu.ma/j7ivki67
2025-03-03 10:19:33,169 - INFO - Found Luma URL in Google Calendar event: https://lu.ma/7g3v557t
2025-03-03 10:19:33,169 - INFO - Fetching details from Luma event URL: https://lu.ma/7g3v557t
2025-03-03 10:19:33,552 - INFO - Found Luma URL in Google Calendar event: https://lu.ma/nyc-tech
2025-03-03 10:19:33,552 - INFO - Fetching details from Luma event URL: https://lu.ma/nyc-tech
2025-03-03 10:19:34,191 - INFO - Found Luma URL in Google Calendar event: https://lu.ma/nyc-tech
2025-03-03 10:19:34,192 - INFO - Fetching details from Luma event URL: https://lu.ma/nyc-tech
2025-03-03 10:19:34,659 - INFO - Found Luma URL in Google Calendar event: https://lu.ma/u6rdfq50
2025-03-03 10:19:34,660 - INFO - Fetching details from Luma event URL: https://lu.ma/u6rdfq50
2025-03-03 10:19:34,921 - INFO - file_cache is only supported with oauth2client<4.0.0
2025-03-03 10:19:35,403 - INFO - file_cache is only supported with oauth2client<4.0.0
2025-03-03 10:19:36,107 - INFO - file_cache is only supported with oauth2client<4.0.0
2025-03-03 10:19:36,592 - INFO - Found Luma URL in Google Calendar event: https://lu.ma/spc-satya-nadella
2025-03-03 10:19:36,592 - INFO - Fetching details from Luma event URL: https://lu.ma/spc-satya-nadella
2025-03-03 10:19:36,990 - INFO - Found Luma URL in Google Calendar event: https://lu.ma/bilt-rewards-spc
2025-03-03 10:19:36,990 - INFO - Fetching details from Luma event URL: https://lu.ma/bilt-rewards-spc
2025-03-03 10:19:38,034 - INFO - file_cache is only supported with oauth2client<4.0.0
2025-03-03 10:19:38,560 - INFO - Found Luma URL in Google Calendar event: https://lu.ma/qwiqx8hg
2025-03-03 10:19:38,560 - INFO - Fetching details from Luma event URL: https://lu.ma/qwiqx8hg
2025-03-03 10:19:38,883 - INFO - Found Luma URL in Google Calendar event: https://lu.ma/verci
2025-03-03 10:19:38,883 - INFO - Fetching details from Luma event URL: https://lu.ma/verci
2025-03-03 10:19:39,316 - INFO - Found Luma URL in Google Calendar event: https://lu.ma/verci
2025-03-03 10:19:39,316 - INFO - Fetching details from Luma event URL: https://lu.ma/verci
2025-03-03 10:19:39,830 - INFO - Found Luma URL in Google Calendar event: https://lu.ma/verci
2025-03-03 10:19:39,830 - INFO - Fetching details from Luma event URL: https://lu.ma/verci
2025-03-03 10:19:40,365 - INFO - file_cache is only supported with oauth2client<4.0.0
2025-03-03 10:19:40,812 - INFO - Found Luma URL in Google Calendar event: https://lu.ma/j7ivki67
2025-03-03 10:19:40,812 - INFO - Fetching details from Luma event URL: https://lu.ma/j7ivki67
2025-03-03 12:38:23,725 - INFO - file_cache is only supported with oauth2client<4.0.0
2025-03-03 12:38:24,231 - INFO - file_cache is only supported with oauth2client<4.0.0
2025-03-03 12:38:24,636 - INFO - Found Luma URL in Google Calendar event: https://lu.ma/r3p252x2
2025-03-03 12:38:24,637 - INFO - Fetching details from Luma event URL: https://lu.ma/r3p252x2
2025-03-03 12:38:25,337 - INFO - Found Luma URL in Google Calendar event: https://lu.ma/gxs2mzhq
2025-03-03 12:38:25,337 - INFO - Fetching details from Luma event URL: https://lu.ma/gxs2mzhq
2025-03-03 12:38:25,851 - INFO - Found Luma URL in Google Calendar event: https://lu.ma/j7ivki67
2025-03-03 12:38:25,852 - INFO - Fetching details from Luma event URL: https://lu.ma/j7ivki67
2025-03-03 12:38:26,668 - INFO - Found Luma URL in Google Calendar event: https://lu.ma/7g3v557t
2025-03-03 12:38:26,668 - INFO - Fetching details from Luma event URL: https://lu.ma/7g3v557t
2025-03-03 12:38:27,060 - INFO - Found Luma URL in Google Calendar event: https://lu.ma/nyc-tech
2025-03-03 12:38:27,061 - INFO - Fetching details from Luma event URL: https://lu.ma/nyc-tech
2025-03-03 12:38:27,647 - INFO - Found Luma URL in Google Calendar event: https://lu.ma/nyc-tech
2025-03-03 12:38:27,647 - INFO - Fetching details from Luma event URL: https://lu.ma/nyc-tech
2025-03-03 12:38:28,175 - INFO - Found Luma URL in Google Calendar event: https://lu.ma/u6rdfq50
2025-03-03 12:38:28,175 - INFO - Fetching details from Luma event URL: https://lu.ma/u6rdfq50
2025-03-03 12:38:28,446 - INFO - file_cache is only supported with oauth2client<4.0.0
2025-03-03 12:38:28,910 - INFO - file_cache is only supported with oauth2client<4.0.0
2025-03-03 12:38:29,485 - INFO - file_cache is only supported with oauth2client<4.0.0
2025-03-03 12:38:29,888 - INFO - Found Luma URL in Google Calendar event: https://lu.ma/spc-satya-nadella
2025-03-03 12:38:29,889 - INFO - Fetching details from Luma event URL: https://lu.ma/spc-satya-nadella
2025-03-03 12:38:30,268 - INFO - Found Luma URL in Google Calendar event: https://lu.ma/bilt-rewards-spc
2025-03-03 12:38:30,268 - INFO - Fetching details from Luma event URL: https://lu.ma/bilt-rewards-spc
2025-03-03 12:38:30,741 - INFO - file_cache is only supported with oauth2client<4.0.0
2025-03-03 12:38:31,221 - INFO - Found Luma URL in Google Calendar event: https://lu.ma/qwiqx8hg
2025-03-03 12:38:31,222 - INFO - Fetching details from Luma event URL: https://lu.ma/qwiqx8hg
2025-03-03 12:38:31,563 - INFO - Found Luma URL in Google Calendar event: https://lu.ma/verci
2025-03-03 12:38:31,563 - INFO - Fetching details from Luma event URL: https://lu.ma/verci
2025-03-03 12:38:31,921 - INFO - Found Luma URL in Google Calendar event: https://lu.ma/verci
2025-03-03 12:38:31,921 - INFO - Fetching details from Luma event URL: https://lu.ma/verci
2025-03-03 12:38:32,875 - INFO - Found Luma URL in Google Calendar event: https://lu.ma/verci
2025-03-03 12:38:32,876 - INFO - Fetching details from Luma event URL: https://lu.ma/verci
2025-03-03 12:38:34,059 - INFO - file_cache is only supported with oauth2client<4.0.0
2025-03-03 12:38:34,555 - INFO - Found Luma URL in Google Calendar event: https://lu.ma/j7ivki67
2025-03-03 12:38:34,556 - INFO - Fetching details from Luma event URL: https://lu.ma/j7ivki67
2025-03-03 12:38:38,542 - INFO - Found 0 upcoming events
2025-03-03 12:38:38,943 - INFO - Fetching details from Luma event URL: https://lu.ma/e/evt-Wn4PhccXcIJmdfj
2025-03-03 12:38:39,508 - INFO - Found 1 upcoming events
2025-03-03 12:38:39,560 - INFO - Fetching details from Luma event URL: https://lu.ma/e/evt-Wn4PhccXcIJmdfj
2025-03-03 12:38:40,478 - INFO - Fetching details from Luma event URL: https://lu.ma/e/evt-KBzKfEQ6zQtMHJS
2025-03-03 12:38:41,205 - INFO - Found 1 upcoming events
2025-03-03 12:38:41,206 - INFO - Fetching details from Luma event URL: https://lu.ma/e/evt-KBzKfEQ6zQtMHJS
2025-03-03 12:38:42,220 - INFO - Fetching details from Luma event URL: https://lu.ma/mbu4l4ac
2025-03-03 12:38:42,717 - INFO - Fetching details from Luma event URL: https://lu.ma/hj4wfh8n
2025-03-03 12:38:43,196 - INFO - Found 2 upcoming events
2025-03-03 12:38:43,653 - INFO - Fetching details from Luma event URL: https://lu.ma/e/evt-KaRsWnUBaO7m5Ck
2025-03-03 12:38:44,325 - INFO - Fetching details from Luma event URL: https://lu.ma/e1fwkxvt
2025-03-03 12:38:44,973 - INFO - Found 2 upcoming events
2025-03-03 12:38:44,973 - INFO - Fetching details from Luma event URL: https://lu.ma/e/evt-KaRsWnUBaO7m5Ck
2025-03-03 12:38:45,986 - INFO - Fetching details from Luma event URL: https://lu.ma/thirdplacebarnyc
2025-03-03 12:38:46,407 - INFO - Fetching details from Luma event URL: https://lu.ma/ylk4ky6s
2025-03-03 12:38:46,961 - INFO - Fetching details from Luma event URL: https://lu.ma/yxbmpe6w
2025-03-03 12:38:47,595 - INFO - Found 3 upcoming events
2025-03-03 12:38:48,208 - INFO - Fetching details from Luma event URL: https://lu.ma/x58kfr7r
2025-03-03 12:38:48,903 - INFO - Fetching details from Luma event URL: https://lu.ma/mux5n3fp
2025-03-03 12:38:49,478 - INFO - Fetching details from Luma event URL: https://lu.ma/o6movhkg
2025-03-03 12:38:50,031 - INFO - Found 3 upcoming events
2025-03-03 12:38:50,245 - INFO - Fetching details from Luma event URL: https://lu.ma/e/evt-oIvDaa63ZqUjhh1
2025-03-03 12:38:50,886 - INFO - Fetching details from Luma event URL: https://lu.ma/e/evt-FjTPXSgqSm8jr7V
2025-03-03 12:38:51,364 - INFO - Fetching details from Luma event URL: https://lu.ma/e/evt-v8lhdyVVBBC8LvB
2025-03-03 12:38:51,880 - INFO - Found 3 upcoming events
2025-03-03 12:38:51,881 - INFO - Fetching details from Luma event URL: https://lu.ma/e/evt-oIvDaa63ZqUjhh1
2025-03-03 12:38:52,387 - INFO - Fetching details from Luma event URL: https://lu.ma/e/evt-FjTPXSgqSm8jr7V
2025-03-03 12:38:52,904 - INFO - Fetching details from Luma event URL: https://lu.ma/e/evt-v8lhdyVVBBC8LvB
2025-03-03 13:41:39,845 - INFO - Fetching Fabrik gatherings from https://www.joinfabrik.com/gatherings
2025-03-03 13:41:40,183 - INFO - Found 0 potential event links
2025-03-03 13:43:55,790 - INFO - Fetching Fabrik gatherings from https://www.joinfabrik.com/gatherings
2025-03-03 13:43:55,991 - INFO - Found 0 potential event links
